#
# There is insufficient memory for the Java Runtime Environment to continue.
# Native memory allocation (malloc) failed to allocate 32744 bytes for ChunkPool::allocate
# Possible reasons:
#   The system is out of physical RAM or swap space
#   The process is running with CompressedOops enabled, and the Java Heap may be blocking the growth of the native heap
# Possible solutions:
#   Reduce memory load on the system
#   Increase physical memory or swap space
#   Check if swap backing store is full
#   Decrease Java heap size (-Xmx/-Xms)
#   Decrease number of Java threads
#   Decrease Java thread stack sizes (-Xss)
#   Set larger code cache with -XX:ReservedCodeCacheSize=
#   JVM is running with Zero Based Compressed Oops mode in which the Java heap is
#     placed in the first 32GB address space. The Java Heap base address is the
#     maximum limit for the native heap growth. Please use -XX:HeapBaseMinAddress
#     to set the Java Heap base and to place the Java Heap above 32GB virtual address.
# This output file may be truncated or incomplete.
#
#  Out of Memory Error (allocation.cpp:272), pid=11944, tid=0x0000000000004138
#
# JRE version: OpenJDK Runtime Environment (8.0_242-b01) (build 1.8.0_242-release-1644-b01)
# Java VM: OpenJDK 64-Bit Server VM (25.242-b01 mixed mode windows-amd64 compressed oops)
# Failed to write core dump. Minidumps are not enabled by default on client versions of Windows
#

---------------  T H R E A D  ---------------

Current thread (0x0000000002803000):  JavaThread "main" [_thread_in_vm, id=16696, stack(0x0000000002680000,0x0000000002780000)]

Stack: [0x0000000002680000,0x0000000002780000]
[error occurred during error reporting (printing stack bounds), id 0xc0000005]

Native frames: (J=compiled Java code, j=interpreted, Vv=VM code, C=native code)

Java frames: (J=compiled Java code, j=interpreted, Vv=VM code)
J 536  java.lang.ClassLoader.defineClass1(Ljava/lang/String;[BIILjava/security/ProtectionDomain;Ljava/lang/String;)Ljava/lang/Class; (0 bytes) @ 0x0000000002c47b5f [0x0000000002c47ac0+0x9f]
J 500 C1 java.lang.ClassLoader.defineClass(Ljava/lang/String;[BIILjava/security/ProtectionDomain;)Ljava/lang/Class; (43 bytes) @ 0x0000000002c2e56c [0x0000000002c2df80+0x5ec]
J 439 C1 java.net.URLClassLoader.defineClass(Ljava/lang/String;Lsun/misc/Resource;)Ljava/lang/Class; (142 bytes) @ 0x0000000002bf9c4c [0x0000000002bf80c0+0x1b8c]
J 354 C1 java.net.URLClassLoader$1.run()Ljava/lang/Class; (63 bytes) @ 0x0000000002bc8704 [0x0000000002bc8420+0x2e4]
J 353 C1 java.net.URLClassLoader$1.run()Ljava/lang/Object; (5 bytes) @ 0x0000000002bbbecc [0x0000000002bbbe40+0x8c]
v  ~StubRoutines::call_stub
J 302  java.security.AccessController.doPrivileged(Ljava/security/PrivilegedExceptionAction;Ljava/security/AccessControlContext;)Ljava/lang/Object; (0 bytes) @ 0x0000000002ba5866 [0x0000000002ba5800+0x66]
J 1628 C2 java.net.URLClassLoader.findClass(Ljava/lang/String;)Ljava/lang/Class; (47 bytes) @ 0x0000000002efc4fc [0x0000000002efc460+0x9c]
J 1572 C2 java.lang.ClassLoader.loadClass(Ljava/lang/String;Z)Ljava/lang/Class; (122 bytes) @ 0x0000000002ef01cc [0x0000000002eef8a0+0x92c]
J 378 C1 sun.misc.Launcher$AppClassLoader.loadClass(Ljava/lang/String;Z)Ljava/lang/Class; (85 bytes) @ 0x0000000002bd6b4c [0x0000000002bd6180+0x9cc]
J 377 C1 java.lang.ClassLoader.loadClass(Ljava/lang/String;)Ljava/lang/Class; (7 bytes) @ 0x0000000002bd8acc [0x0000000002bd89c0+0x10c]
v  ~StubRoutines::call_stub
j  org.jetbrains.kotlin.metadata.ProtoBuf$Contract.<clinit>()V+0
v  ~StubRoutines::call_stub
j  org.jetbrains.kotlin.metadata.ProtoBuf$Function.initFields()V+70
j  org.jetbrains.kotlin.metadata.ProtoBuf$Function.<clinit>()V+24
v  ~StubRoutines::call_stub
j  org.jetbrains.kotlin.metadata.builtins.BuiltInsProtoBuf.<clinit>()V+67
v  ~StubRoutines::call_stub
j  org.jetbrains.kotlin.serialization.deserialization.builtins.BuiltInSerializerProtocol.<init>()V+19
j  org.jetbrains.kotlin.serialization.deserialization.builtins.BuiltInSerializerProtocol.<clinit>()V+4
v  ~StubRoutines::call_stub
j  org.jetbrains.kotlin.serialization.deserialization.builtins.BuiltInsLoaderImpl.createBuiltInPackageFragmentProvider(Lorg/jetbrains/kotlin/storage/StorageManager;Lorg/jetbrains/kotlin/descriptors/ModuleDescriptor;Ljava/util/Set;Ljava/lang/Iterable;Lorg/jetbrains/kotlin/descriptors/deserialization/PlatformDependentDeclarationFilter;Lorg/jetbrains/kotlin/descriptors/deserialization/AdditionalClassPartsProvider;ZLkotlin/jvm/functions/Function1;)Lorg/jetbrains/kotlin/descriptors/PackageFragmentProvider;+123
j  org.jetbrains.kotlin.serialization.deserialization.builtins.BuiltInsLoaderImpl.createPackageFragmentProvider(Lorg/jetbrains/kotlin/storage/StorageManager;Lorg/jetbrains/kotlin/descriptors/ModuleDescriptor;Ljava/lang/Iterable;Lorg/jetbrains/kotlin/descriptors/deserialization/PlatformDependentDeclarationFilter;Lorg/jetbrains/kotlin/descriptors/deserialization/AdditionalClassPartsProvider;Z)Lorg/jetbrains/kotlin/descriptors/PackageFragmentProvider;+65
j  org.jetbrains.kotlin.builtins.KotlinBuiltIns.createBuiltInsModule(Z)V+51
j  org.jetbrains.kotlin.builtins.jvm.JvmBuiltIns.<init>(Lorg/jetbrains/kotlin/storage/StorageManager;Lorg/jetbrains/kotlin/builtins/jvm/JvmBuiltIns$Kind;)V+93
j  org.jetbrains.kotlin.cli.jvm.compiler.TopDownAnalyzerFacadeForJVM.createContainer(Lorg/jetbrains/kotlin/com/intellij/openapi/project/Project;Ljava/util/Collection;Lorg/jetbrains/kotlin/resolve/BindingTrace;Lorg/jetbrains/kotlin/config/CompilerConfiguration;Lkotlin/jvm/functions/Function1;Lkotlin/jvm/functions/Function2;Lorg/jetbrains/kotlin/resolve/TargetEnvironment;Lorg/jetbrains/kotlin/com/intellij/psi/search/GlobalSearchScope;Ljava/util/List;Lorg/jetbrains/kotlin/resolve/calls/tower/ImplicitsExtensionsResolutionFilter;)Lorg/jetbrains/kotlin/container/ComponentProvider;+380
j  org.jetbrains.kotlin.cli.jvm.compiler.TopDownAnalyzerFacadeForJVM.createContainer$default(Lorg/jetbrains/kotlin/cli/jvm/compiler/TopDownAnalyzerFacadeForJVM;Lorg/jetbrains/kotlin/com/intellij/openapi/project/Project;Ljava/util/Collection;Lorg/jetbrains/kotlin/resolve/BindingTrace;Lorg/jetbrains/kotlin/config/CompilerConfiguration;Lkotlin/jvm/functions/Function1;Lkotlin/jvm/functions/Function2;Lorg/jetbrains/kotlin/resolve/TargetEnvironment;Lorg/jetbrains/kotlin/com/intellij/psi/search/GlobalSearchScope;Ljava/util/List;Lorg/jetbrains/kotlin/resolve/calls/tower/ImplicitsExtensionsResolutionFilter;ILjava/lang/Object;)Lorg/jetbrains/kotlin/container/ComponentProvider;+80
j  org.jetbrains.kotlin.cli.jvm.compiler.TopDownAnalyzerFacadeForJVM.analyzeFilesWithJavaIntegration(Lorg/jetbrains/kotlin/com/intellij/openapi/project/Project;Ljava/util/Collection;Lorg/jetbrains/kotlin/resolve/BindingTrace;Lorg/jetbrains/kotlin/config/CompilerConfiguration;Lkotlin/jvm/functions/Function1;Lkotlin/jvm/functions/Function2;Lorg/jetbrains/kotlin/com/intellij/psi/search/GlobalSearchScope;Ljava/util/List;)Lorg/jetbrains/kotlin/analyzer/AnalysisResult;+78
j  org.jetbrains.kotlin.cli.jvm.compiler.TopDownAnalyzerFacadeForJVM.analyzeFilesWithJavaIntegration$default(Lorg/jetbrains/kotlin/com/intellij/openapi/project/Project;Ljava/util/Collection;Lorg/jetbrains/kotlin/resolve/BindingTrace;Lorg/jetbrains/kotlin/config/CompilerConfiguration;Lkotlin/jvm/functions/Function1;Lkotlin/jvm/functions/Function2;Lorg/jetbrains/kotlin/com/intellij/psi/search/GlobalSearchScope;Ljava/util/List;ILjava/lang/Object;)Lorg/jetbrains/kotlin/analyzer/AnalysisResult;+60
j  org.jetbrains.kotlin.cli.jvm.compiler.KotlinToJVMBytecodeCompiler$analyze$1.invoke()Lorg/jetbrains/kotlin/analyzer/AnalysisResult;+284
j  org.jetbrains.kotlin.cli.jvm.compiler.KotlinToJVMBytecodeCompiler$analyze$1.invoke()Ljava/lang/Object;+1
j  org.jetbrains.kotlin.cli.common.messages.AnalyzerWithCompilerReport.analyzeAndReport(Ljava/util/Collection;Lkotlin/jvm/functions/Function0;)V+16
j  org.jetbrains.kotlin.cli.jvm.compiler.KotlinToJVMBytecodeCompiler.analyze(Lorg/jetbrains/kotlin/cli/jvm/compiler/KotlinCoreEnvironment;Ljava/lang/String;)Lorg/jetbrains/kotlin/analyzer/AnalysisResult;+157
j  org.jetbrains.kotlin.cli.jvm.compiler.KotlinToJVMBytecodeCompiler.compileModules$cli(Lorg/jetbrains/kotlin/cli/jvm/compiler/KotlinCoreEnvironment;Ljava/io/File;Ljava/util/List;)Z+208
j  org.jetbrains.kotlin.cli.jvm.K2JVMCompiler.doExecute(Lorg/jetbrains/kotlin/cli/common/arguments/K2JVMCompilerArguments;Lorg/jetbrains/kotlin/config/CompilerConfiguration;Lorg/jetbrains/kotlin/com/intellij/openapi/Disposable;Lorg/jetbrains/kotlin/utils/KotlinPaths;)Lorg/jetbrains/kotlin/cli/common/ExitCode;+1028
j  org.jetbrains.kotlin.cli.jvm.K2JVMCompiler.doExecute(Lorg/jetbrains/kotlin/cli/common/arguments/CommonCompilerArguments;Lorg/jetbrains/kotlin/config/CompilerConfiguration;Lorg/jetbrains/kotlin/com/intellij/openapi/Disposable;Lorg/jetbrains/kotlin/utils/KotlinPaths;)Lorg/jetbrains/kotlin/cli/common/ExitCode;+9
j  org.jetbrains.kotlin.cli.common.CLICompiler.execImpl(Lorg/jetbrains/kotlin/cli/common/messages/MessageCollector;Lorg/jetbrains/kotlin/config/Services;Lorg/jetbrains/kotlin/cli/common/arguments/CommonCompilerArguments;)Lorg/jetbrains/kotlin/cli/common/ExitCode;+191
j  org.jetbrains.kotlin.cli.common.CLICompiler.execImpl(Lorg/jetbrains/kotlin/cli/common/messages/MessageCollector;Lorg/jetbrains/kotlin/config/Services;Lorg/jetbrains/kotlin/cli/common/arguments/CommonToolArguments;)Lorg/jetbrains/kotlin/cli/common/ExitCode;+7
j  org.jetbrains.kotlin.cli.common.CLITool.exec(Lorg/jetbrains/kotlin/cli/common/messages/MessageCollector;Lorg/jetbrains/kotlin/config/Services;Lorg/jetbrains/kotlin/cli/common/arguments/CommonToolArguments;)Lorg/jetbrains/kotlin/cli/common/ExitCode;+76
j  org.jetbrains.kotlin.cli.common.CLITool.exec(Ljava/io/PrintStream;Lorg/jetbrains/kotlin/config/Services;Lorg/jetbrains/kotlin/cli/common/messages/MessageRenderer;[Ljava/lang/String;)Lorg/jetbrains/kotlin/cli/common/ExitCode;+209
j  org.jetbrains.kotlin.cli.common.CLITool.exec(Ljava/io/PrintStream;Lorg/jetbrains/kotlin/cli/common/messages/MessageRenderer;[Ljava/lang/String;)Lorg/jetbrains/kotlin/cli/common/ExitCode;+25
j  org.jetbrains.kotlin.cli.common.CLITool$Companion.doMainNoExit(Lorg/jetbrains/kotlin/cli/common/CLITool;[Ljava/lang/String;Lorg/jetbrains/kotlin/cli/common/messages/MessageRenderer;)Lorg/jetbrains/kotlin/cli/common/ExitCode;+39
j  org.jetbrains.kotlin.cli.common.CLITool$Companion.doMainNoExit$default(Lorg/jetbrains/kotlin/cli/common/CLITool$Companion;Lorg/jetbrains/kotlin/cli/common/CLITool;[Ljava/lang/String;Lorg/jetbrains/kotlin/cli/common/messages/MessageRenderer;ILjava/lang/Object;)Lorg/jetbrains/kotlin/cli/common/ExitCode;+16
j  org.jetbrains.kotlin.cli.common.CLITool$Companion.doMain(Lorg/jetbrains/kotlin/cli/common/CLITool;[Ljava/lang/String;)V+56
j  org.jetbrains.kotlin.cli.jvm.K2JVMCompiler$Companion.main([Ljava/lang/String;)V+20
j  org.jetbrains.kotlin.cli.jvm.K2JVMCompiler.main([Ljava/lang/String;)V+4
v  ~StubRoutines::call_stub

---------------  P R O C E S S  ---------------

Java Threads: ( => current thread )
  0x000000001e302000 JavaThread "Service Thread" daemon [_thread_blocked, id=18308, stack(0x000000001ef30000,0x000000001f030000)]
  0x000000001e279000 JavaThread "C1 CompilerThread3" daemon [_thread_blocked, id=10532, stack(0x000000001ee30000,0x000000001ef30000)]
  0x000000001e275800 JavaThread "C2 CompilerThread2" daemon [_thread_in_native, id=13228, stack(0x000000001ed30000,0x000000001ee30000)]
  0x000000001e264000 JavaThread "C2 CompilerThread1" daemon [_thread_in_native, id=11008, stack(0x000000001ec30000,0x000000001ed30000)]
  0x000000001e262000 JavaThread "C2 CompilerThread0" daemon [_thread_in_native, id=1964, stack(0x000000001eb30000,0x000000001ec30000)]
  0x000000001e260800 JavaThread "Attach Listener" daemon [_thread_blocked, id=2148, stack(0x000000001ea30000,0x000000001eb30000)]
  0x000000001e25f000 JavaThread "Signal Dispatcher" daemon [_thread_blocked, id=24236, stack(0x000000001e930000,0x000000001ea30000)]
  0x00000000028fe000 JavaThread "Finalizer" daemon [_thread_blocked, id=15136, stack(0x000000001e730000,0x000000001e830000)]
  0x000000001e251000 JavaThread "Reference Handler" daemon [_thread_blocked, id=23592, stack(0x000000001e630000,0x000000001e730000)]
=>0x0000000002803000 JavaThread "main" [_thread_in_vm, id=16696, stack(0x0000000002680000,0x0000000002780000)]

Other Threads:
  0x000000001c415800 VMThread [stack: 0x000000001e130000,0x000000001e230000] [id=14588]
  0x000000001e313000 WatcherThread [stack: 0x000000001f030000,0x000000001f130000] [id=17888]

VM state:not at safepoint (normal execution)

VM Mutex/Monitor currently owned by a thread: None

heap address: 0x00000006c1c00000, size: 4068 MB, Compressed Oops mode: Zero based, Oop shift amount: 3
Narrow klass base: 0x0000000000000000, Narrow klass shift: 3
Compressed class space size: 1073741824 Address: 0x00000007c0000000

Heap:
 PSYoungGen      total 141824K, used 40611K [0x000000076b400000, 0x0000000774900000, 0x00000007c0000000)
  eden space 131072K, 30% used [0x000000076b400000,0x000000076dba8d48,0x0000000773400000)
  from space 10752K, 0% used [0x0000000773e80000,0x0000000773e80000,0x0000000774900000)
  to   space 10752K, 0% used [0x0000000773400000,0x0000000773400000,0x0000000773e80000)
 ParOldGen       total 119808K, used 9458K [0x00000006c1c00000, 0x00000006c9100000, 0x000000076b400000)
  object space 119808K, 7% used [0x00000006c1c00000,0x00000006c253cb68,0x00000006c9100000)
 Metaspace       used 24583K, capacity 25098K, committed 25344K, reserved 1071104K
  class space    used 2910K, capacity 3057K, committed 3072K, reserved 1048576K

Card table byte_map: [0x0000000011dc0000,0x00000000125c0000] byte_map_base: 0x000000000e7b2000

Marking Bits: (ParMarkBitMap*) 0x000000006cc2f030
 Begin Bits: [0x0000000013310000, 0x00000000172a0000)
 End Bits:   [0x00000000172a0000, 0x000000001b230000)

Polling page: 0x0000000000a60000

CodeCache: size=245760Kb used=5728Kb max_used=5728Kb free=240031Kb
 bounds [0x0000000002a00000, 0x0000000002fa0000, 0x0000000011a00000]
 total_blobs=2308 nmethods=1880 adapters=341
 compilation: enabled

Compilation events (10 events):
Event: 2.584 Thread 0x000000001e279000 1880       3       org.jetbrains.kotlin.name.FqName::toUnsafe (13 bytes)
Event: 2.584 Thread 0x000000001e279000 nmethod 1880 0x0000000002f9bc50 code [0x0000000002f9bdc0, 0x0000000002f9bfa8]
Event: 2.584 Thread 0x000000001e279000 1879       3       org.jetbrains.kotlin.name.FqNameUnsafe::asString (13 bytes)
Event: 2.584 Thread 0x000000001e279000 nmethod 1879 0x0000000002f9c050 code [0x0000000002f9c1c0, 0x0000000002f9c3a8]
Event: 2.619 Thread 0x000000001e279000 1882       3       java.lang.reflect.Constructor::setConstructorAccessor (21 bytes)
Event: 2.620 Thread 0x000000001e279000 nmethod 1882 0x0000000002f9c450 code [0x0000000002f9c5c0, 0x0000000002f9c988]
Event: 2.620 Thread 0x000000001e279000 1881       1       java.lang.reflect.Constructor::getConstructorAccessor (5 bytes)
Event: 2.620 Thread 0x000000001e279000 nmethod 1881 0x0000000002f98150 code [0x0000000002f982a0, 0x0000000002f983b0]
Event: 2.639 Thread 0x000000001e262000 1883       4       java.net.URLClassLoader$1::run (5 bytes)
Event: 2.639 Thread 0x000000001e264000 1884   !   4       java.net.URLClassLoader$1::run (63 bytes)

GC Heap History (6 events):
Event: 1.410 GC heap before
{Heap before GC invocations=1 (full 0):
 PSYoungGen      total 76288K, used 65536K [0x000000076b400000, 0x0000000770900000, 0x00000007c0000000)
  eden space 65536K, 100% used [0x000000076b400000,0x000000076f400000,0x000000076f400000)
  from space 10752K, 0% used [0x000000076fe80000,0x000000076fe80000,0x0000000770900000)
  to   space 10752K, 0% used [0x000000076f400000,0x000000076f400000,0x000000076fe80000)
 ParOldGen       total 175104K, used 0K [0x00000006c1c00000, 0x00000006cc700000, 0x000000076b400000)
  object space 175104K, 0% used [0x00000006c1c00000,0x00000006c1c00000,0x00000006cc700000)
 Metaspace       used 15719K, capacity 16070K, committed 16256K, reserved 1062912K
  class space    used 1796K, capacity 1917K, committed 1920K, reserved 1048576K
Event: 1.425 GC heap after
Heap after GC invocations=1 (full 0):
 PSYoungGen      total 76288K, used 10728K [0x000000076b400000, 0x0000000774900000, 0x00000007c0000000)
  eden space 65536K, 0% used [0x000000076b400000,0x000000076b400000,0x000000076f400000)
  from space 10752K, 99% used [0x000000076f400000,0x000000076fe7a358,0x000000076fe80000)
  to   space 10752K, 0% used [0x0000000773e80000,0x0000000773e80000,0x0000000774900000)
 ParOldGen       total 175104K, used 4562K [0x00000006c1c00000, 0x00000006cc700000, 0x000000076b400000)
  object space 175104K, 2% used [0x00000006c1c00000,0x00000006c20749d0,0x00000006cc700000)
 Metaspace       used 15719K, capacity 16070K, committed 16256K, reserved 1062912K
  class space    used 1796K, capacity 1917K, committed 1920K, reserved 1048576K
}
Event: 1.968 GC heap before
{Heap before GC invocations=2 (full 0):
 PSYoungGen      total 76288K, used 32344K [0x000000076b400000, 0x0000000774900000, 0x00000007c0000000)
  eden space 65536K, 32% used [0x000000076b400000,0x000000076c91bf00,0x000000076f400000)
  from space 10752K, 99% used [0x000000076f400000,0x000000076fe7a358,0x000000076fe80000)
  to   space 10752K, 0% used [0x0000000773e80000,0x0000000773e80000,0x0000000774900000)
 ParOldGen       total 175104K, used 4562K [0x00000006c1c00000, 0x00000006cc700000, 0x000000076b400000)
  object space 175104K, 2% used [0x00000006c1c00000,0x00000006c20749d0,0x00000006cc700000)
 Metaspace       used 20767K, capacity 21208K, committed 21248K, reserved 1069056K
  class space    used 2412K, capacity 2558K, committed 2560K, reserved 1048576K
Event: 1.977 GC heap after
Heap after GC invocations=2 (full 0):
 PSYoungGen      total 141824K, used 9884K [0x000000076b400000, 0x0000000774900000, 0x00000007c0000000)
  eden space 131072K, 0% used [0x000000076b400000,0x000000076b400000,0x0000000773400000)
  from space 10752K, 91% used [0x0000000773e80000,0x0000000774827050,0x0000000774900000)
  to   space 10752K, 0% used [0x0000000773400000,0x0000000773400000,0x0000000773e80000)
 ParOldGen       total 175104K, used 4634K [0x00000006c1c00000, 0x00000006cc700000, 0x000000076b400000)
  object space 175104K, 2% used [0x00000006c1c00000,0x00000006c20869e0,0x00000006cc700000)
 Metaspace       used 20767K, capacity 21208K, committed 21248K, reserved 1069056K
  class space    used 2412K, capacity 2558K, committed 2560K, reserved 1048576K
}
Event: 1.977 GC heap before
{Heap before GC invocations=3 (full 1):
 PSYoungGen      total 141824K, used 9884K [0x000000076b400000, 0x0000000774900000, 0x00000007c0000000)
  eden space 131072K, 0% used [0x000000076b400000,0x000000076b400000,0x0000000773400000)
  from space 10752K, 91% used [0x0000000773e80000,0x0000000774827050,0x0000000774900000)
  to   space 10752K, 0% used [0x0000000773400000,0x0000000773400000,0x0000000773e80000)
 ParOldGen       total 175104K, used 4634K [0x00000006c1c00000, 0x00000006cc700000, 0x000000076b400000)
  object space 175104K, 2% used [0x00000006c1c00000,0x00000006c20869e0,0x00000006cc700000)
 Metaspace       used 20767K, capacity 21208K, committed 21248K, reserved 1069056K
  class space    used 2412K, capacity 2558K, committed 2560K, reserved 1048576K
Event: 2.017 GC heap after
Heap after GC invocations=3 (full 1):
 PSYoungGen      total 141824K, used 0K [0x000000076b400000, 0x0000000774900000, 0x00000007c0000000)
  eden space 131072K, 0% used [0x000000076b400000,0x000000076b400000,0x0000000773400000)
  from space 10752K, 0% used [0x0000000773e80000,0x0000000773e80000,0x0000000774900000)
  to   space 10752K, 0% used [0x0000000773400000,0x0000000773400000,0x0000000773e80000)
 ParOldGen       total 119808K, used 9458K [0x00000006c1c00000, 0x00000006c9100000, 0x000000076b400000)
  object space 119808K, 7% used [0x00000006c1c00000,0x00000006c253cb68,0x00000006c9100000)
 Metaspace       used 20767K, capacity 21208K, committed 21248K, reserved 1069056K
  class space    used 2412K, capacity 2558K, committed 2560K, reserved 1048576K
}

Deoptimization events (10 events):
Event: 2.516 Thread 0x0000000002803000 Uncommon trap: reason=class_check action=maybe_recompile pc=0x0000000002f5df60 method=gnu.trove.TObjectHash.computeHashCode(Ljava/lang/Object;)I @ 5
Event: 2.516 Thread 0x0000000002803000 Uncommon trap: reason=class_check action=maybe_recompile pc=0x0000000002f5df60 method=gnu.trove.TObjectHash.computeHashCode(Ljava/lang/Object;)I @ 5
Event: 2.516 Thread 0x0000000002803000 Uncommon trap: reason=class_check action=maybe_recompile pc=0x0000000002f5df60 method=gnu.trove.TObjectHash.computeHashCode(Ljava/lang/Object;)I @ 5
Event: 2.516 Thread 0x0000000002803000 Uncommon trap: reason=class_check action=maybe_recompile pc=0x0000000002f5df60 method=gnu.trove.TObjectHash.computeHashCode(Ljava/lang/Object;)I @ 5
Event: 2.516 Thread 0x0000000002803000 Uncommon trap: reason=class_check action=maybe_recompile pc=0x0000000002f55d08 method=gnu.trove.TObjectHash.equals(Ljava/lang/Object;Ljava/lang/Object;)Z @ 6
Event: 2.516 Thread 0x0000000002803000 Uncommon trap: reason=class_check action=maybe_recompile pc=0x0000000002f55d08 method=gnu.trove.TObjectHash.equals(Ljava/lang/Object;Ljava/lang/Object;)Z @ 6
Event: 2.516 Thread 0x0000000002803000 Uncommon trap: reason=class_check action=maybe_recompile pc=0x0000000002f55d08 method=gnu.trove.TObjectHash.equals(Ljava/lang/Object;Ljava/lang/Object;)Z @ 6
Event: 2.516 Thread 0x0000000002803000 Uncommon trap: reason=class_check action=maybe_recompile pc=0x0000000002f55d08 method=gnu.trove.TObjectHash.equals(Ljava/lang/Object;Ljava/lang/Object;)Z @ 6
Event: 2.522 Thread 0x0000000002803000 Uncommon trap: reason=class_check action=maybe_recompile pc=0x0000000002f7aac0 method=java.util.AbstractList.hashCode()I @ 3
Event: 2.523 Thread 0x0000000002803000 Uncommon trap: reason=class_check action=maybe_recompile pc=0x0000000002f7aac0 method=java.util.AbstractList.hashCode()I @ 3

Classes redefined (0 events):
No events

Internal exceptions (10 events):
Event: 0.503 Thread 0x0000000002803000 Exception <a 'java/security/PrivilegedActionException'> (0x000000076c49af98) thrown at [C:\src\AOSP-openjdk-git\hotspot\src\share\vm\prims\jvm.cpp, line 1502]
Event: 0.503 Thread 0x0000000002803000 Exception <a 'java/security/PrivilegedActionException'> (0x000000076c49ca88) thrown at [C:\src\AOSP-openjdk-git\hotspot\src\share\vm\prims\jvm.cpp, line 1502]
Event: 0.503 Thread 0x0000000002803000 Exception <a 'java/security/PrivilegedActionException'> (0x000000076c49ce80) thrown at [C:\src\AOSP-openjdk-git\hotspot\src\share\vm\prims\jvm.cpp, line 1502]
Event: 0.765 Thread 0x0000000002803000 Exception <a 'java/lang/ArrayIndexOutOfBoundsException'> (0x000000076d1feec8) thrown at [C:\src\AOSP-openjdk-git\hotspot\src\share\vm\runtime\sharedRuntime.cpp, line 605]
Event: 0.922 Thread 0x0000000002803000 Exception <a 'java/lang/ArrayIndexOutOfBoundsException'> (0x000000076db6ace0) thrown at [C:\src\AOSP-openjdk-git\hotspot\src\share\vm\runtime\sharedRuntime.cpp, line 605]
Event: 1.536 Thread 0x0000000002803000 Exception <a 'java/lang/NoSuchMethodError': java.lang.Object.lambda$comparing$77a9974f$1(Ljava/util/function/Function;Ljava/lang/Object;Ljava/lang/Object;)I> (0x000000076b96c870) thrown at [C:\src\AOSP-openjdk-git\hotspot\src\share\vm\interpreter\linkReso
Event: 1.569 Thread 0x0000000002803000 Exception <a 'java/lang/NoSuchMethodError': java.lang.Object.lambda$static$0()J> (0x000000076ba70050) thrown at [C:\src\AOSP-openjdk-git\hotspot\src\share\vm\interpreter\linkResolver.cpp, line 620]
Event: 1.828 Thread 0x0000000002803000 Exception <a 'java/lang/NoSuchMethodError': java.lang.Object.lambda$static$0(I)[Lorg/jetbrains/kotlin/com/intellij/openapi/editor/event/DocumentListener;> (0x000000076c1c2230) thrown at [C:\src\AOSP-openjdk-git\hotspot\src\share\vm\interpreter\linkResolve
Event: 1.878 Thread 0x0000000002803000 Exception <a 'java/lang/NoSuchMethodError': java.lang.Object.lambda$static$0(I)[Lorg/jetbrains/kotlin/com/intellij/psi/PsiAnnotation;> (0x000000076c3df230) thrown at [C:\src\AOSP-openjdk-git\hotspot\src\share\vm\interpreter\linkResolver.cpp, line 620]
Event: 2.047 Thread 0x0000000002803000 Exception <a 'java/lang/NoSuchMethodError': java.lang.Object.lambda$static$0(I)[Lorg/jetbrains/kotlin/com/intellij/psi/PsiElement;> (0x000000076b56f5c0) thrown at [C:\src\AOSP-openjdk-git\hotspot\src\share\vm\interpreter\linkResolver.cpp, line 620]

Events (10 events):
Event: 2.657 loading class org/jetbrains/kotlin/metadata/ProtoBuf$TypeOrBuilder
Event: 2.657 loading class org/jetbrains/kotlin/metadata/ProtoBuf$TypeOrBuilder done
Event: 2.659 loading class org/jetbrains/kotlin/metadata/ProtoBuf$Type$1
Event: 2.659 loading class org/jetbrains/kotlin/metadata/ProtoBuf$Type$1 done
Event: 2.659 loading class org/jetbrains/kotlin/metadata/ProtoBuf$Contract
Event: 2.659 loading class org/jetbrains/kotlin/metadata/ProtoBuf$Contract done
Event: 2.659 loading class org/jetbrains/kotlin/metadata/ProtoBuf$ContractOrBuilder
Event: 2.659 loading class org/jetbrains/kotlin/metadata/ProtoBuf$ContractOrBuilder done
Event: 2.660 loading class org/jetbrains/kotlin/metadata/ProtoBuf$Contract$1
Event: 2.660 loading class org/jetbrains/kotlin/metadata/ProtoBuf$Contract$1 done


Dynamic libraries:
0x00007ff65bed0000 - 0x00007ff65bf01000 	D:\Program Files\Android\Android Studio\jre\jre\bin\java.exe
0x00007fffcc210000 - 0x00007fffcc406000 	C:\WINDOWS\SYSTEM32\ntdll.dll
0x00007fffcbc60000 - 0x00007fffcbd1d000 	C:\WINDOWS\System32\KERNEL32.DLL
0x00007fffc9bc0000 - 0x00007fffc9e88000 	C:\WINDOWS\System32\KERNELBASE.dll
0x00007fffcbfb0000 - 0x00007fffcc05c000 	C:\WINDOWS\System32\ADVAPI32.dll
0x00007fffcc130000 - 0x00007fffcc1ce000 	C:\WINDOWS\System32\msvcrt.dll
0x00007fffcb960000 - 0x00007fffcb9fb000 	C:\WINDOWS\System32\sechost.dll
0x00007fffca3a0000 - 0x00007fffca4c4000 	C:\WINDOWS\System32\RPCRT4.dll
0x00007fffca4d0000 - 0x00007fffca670000 	C:\WINDOWS\System32\USER32.dll
0x00007fffca140000 - 0x00007fffca162000 	C:\WINDOWS\System32\win32u.dll
0x00007fffcaae0000 - 0x00007fffcab0a000 	C:\WINDOWS\System32\GDI32.dll
0x00007fffc9950000 - 0x00007fffc9a59000 	C:\WINDOWS\System32\gdi32full.dll
0x00007fffc9e90000 - 0x00007fffc9f2d000 	C:\WINDOWS\System32\msvcp_win.dll
0x00007fffca170000 - 0x00007fffca270000 	C:\WINDOWS\System32\ucrtbase.dll
0x00007fffb5810000 - 0x00007fffb5aab000 	C:\WINDOWS\WinSxS\amd64_microsoft.windows.common-controls_6595b64144ccf1df_6.0.19041.488_none_ca04af081b815d21\COMCTL32.dll
0x00007fffcb730000 - 0x00007fffcb760000 	C:\WINDOWS\System32\IMM32.DLL
0x000000006c380000 - 0x000000006c452000 	D:\Program Files\Android\Android Studio\jre\jre\bin\msvcr100.dll
0x000000006c460000 - 0x000000006ccab000 	D:\Program Files\Android\Android Studio\jre\jre\bin\server\jvm.dll
0x00007fffcb870000 - 0x00007fffcb878000 	C:\WINDOWS\System32\PSAPI.DLL
0x00007fffc00f0000 - 0x00007fffc0117000 	C:\WINDOWS\SYSTEM32\WINMM.dll
0x00007fffc1060000 - 0x00007fffc106a000 	C:\WINDOWS\SYSTEM32\VERSION.dll
0x00007fffb3460000 - 0x00007fffb3469000 	C:\WINDOWS\SYSTEM32\WSOCK32.dll
0x00007fffcc0c0000 - 0x00007fffcc12b000 	C:\WINDOWS\System32\WS2_32.dll
0x00007fffc5710000 - 0x00007fffc571f000 	D:\Program Files\Android\Android Studio\jre\jre\bin\verify.dll
0x00007fffa5990000 - 0x00007fffa59b9000 	D:\Program Files\Android\Android Studio\jre\jre\bin\java.dll
0x00007fffa5970000 - 0x00007fffa5986000 	D:\Program Files\Android\Android Studio\jre\jre\bin\zip.dll
0x00007fffcaf50000 - 0x00007fffcb691000 	C:\WINDOWS\System32\SHELL32.dll
0x00007fffc79c0000 - 0x00007fffc8155000 	C:\WINDOWS\SYSTEM32\windows.storage.dll
0x00007fffcabf0000 - 0x00007fffcaf45000 	C:\WINDOWS\System32\combase.dll
0x00007fffc93c0000 - 0x00007fffc93ec000 	C:\WINDOWS\SYSTEM32\Wldp.dll
0x00007fffcbd80000 - 0x00007fffcbe2e000 	C:\WINDOWS\System32\SHCORE.dll
0x00007fffcc060000 - 0x00007fffcc0b5000 	C:\WINDOWS\System32\shlwapi.dll
0x00007fffc9880000 - 0x00007fffc98a6000 	C:\WINDOWS\SYSTEM32\profapi.dll
0x00007fff7dc90000 - 0x00007fff7dcaa000 	D:\Program Files\Android\Android Studio\jre\jre\bin\net.dll
0x00007fffc9140000 - 0x00007fffc91aa000 	C:\WINDOWS\system32\mswsock.dll
0x00007fff7dbd0000 - 0x00007fff7dbe3000 	D:\Program Files\Android\Android Studio\jre\jre\bin\nio.dll

VM Arguments:
java_command: org.jetbrains.kotlin.cli.jvm.K2JVMCompiler @D:\android_projects\mobweb_hf_calorie\app\build\20201121_7387751314282821889.compiler.options
java_class_path (initial): C:\Users\brobi\.gradle\caches\modules-2\files-2.1\org.jetbrains.kotlin\kotlin-compiler-embeddable\1.4.10\38c4b99d5d5362debdd9302a866730379aa2328a\kotlin-compiler-embeddable-1.4.10.jar;C:\Users\brobi\.gradle\caches\modules-2\files-2.1\org.jetbrains.kotlin\kotlin-reflect\1.4.10\e2b3c6695eee6085e606d96d685396dce23a3a06\kotlin-reflect-1.4.10.jar;C:\Users\brobi\.gradle\caches\modules-2\files-2.1\org.jetbrains.kotlin\kotlin-stdlib\1.4.10\ea29e063d2bbe695be13e9d044dcfb0c7add398e\kotlin-stdlib-1.4.10.jar;C:\Users\brobi\.gradle\caches\modules-2\files-2.1\org.jetbrains.kotlin\kotlin-script-runtime\1.4.10\7c19d9c2001e016cd7664cebe9eea66fc04a7f4f\kotlin-script-runtime-1.4.10.jar;C:\Users\brobi\.gradle\caches\modules-2\files-2.1\org.jetbrains.kotlin\kotlin-daemon-embeddable\1.4.10\dbd67f42bed28043d17d7c860b06110a00a45970\kotlin-daemon-embeddable-1.4.10.jar;C:\Users\brobi\.gradle\caches\modules-2\files-2.1\org.jetbrains.intellij.deps\trove4j\1.0.20181211\216c2e14b070f334479d800987affe4054cd563f\trove4j-1.0.20181211.jar;C:\Users\brobi\.gradle\caches\modules-2\files-2.1\org.jetbrains.kotlin\kotlin-stdlib-common\1.4.10\6229be3465805c99db1142ad75e6c6ddeac0b04c\kotlin-stdlib-common-1.4.10.jar;C:\Users\brobi\.gradle\caches\modules-2\files-2.1\org.jetbrains\annotations\13.0\919f0dfe192fb4e063e7dacadee7f8bb9a2672a9\annotations-13.0.jar;D:\Program Files\Android\Android Studio\jre\lib\tools.jar
Launcher Type: SUN_STANDARD

Environment Variables:
JAVA_HOME=C:\Program Files\Java\jdk-12.0.2
PATH=C:\Python39\Scripts\;C:\Python39\;C:\Program Files (x86)\Common Files\Oracle\Java\javapath;C:\Program Files (x86)\Intel\iCLS Client\;C:\Program Files\Intel\iCLS Client\;C:\Windows\system32;C:\Windows;C:\Windows\System32\Wbem;C:\Windows\System32\WindowsPowerShell\v1.0\;C:\Program Files (x86)\NVIDIA Corporation\PhysX\Common;C:\Program Files (x86)\Intel\Intel(R) Management Engine Components\DAL;C:\Program Files\Intel\Intel(R) Management Engine Components\DAL;C:\Program Files (x86)\Intel\Intel(R) Management Engine Components\IPT;C:\Program Files\Intel\Intel(R) Management Engine Components\IPT;C:\Program Files\Intel\WiFi\bin\;C:\Program Files\Common Files\Intel\WirelessCommon\;C:\WINDOWS\system32;C:\WINDOWS;C:\WINDOWS\System32\Wbem;C:\WINDOWS\System32\WindowsPowerShell\v1.0\;C:\WINDOWS\System32\OpenSSH\;C:\Program Files\NVIDIA Corporation\NVIDIA NvDLISR;D:\Program Files (x86)\bin;C:\Program Files\Java\jdk-12.0.2\bin;C:\Program Files\Microsoft SQL Server\130\Tools\B;C:\Users\;C:\Program Files\Microsoft SQL Server\C;C:\Program Files\dotnet\;C:\Users\brobi\AppData\Local\Microsoft\WindowsApps;D:\Program Files\JetBrains\CLion 2019.3.4\bin;;C:\Users\brobi\.dotnet\tools;C:\Users\brobi\AppData\Local\GitHubDesktop\bin;D:\Fiddler;C:\Users\brobi\AppData\Roaming\npm;D:\Microsoft_VS_Code\bin;C:\Users\brobi\.dotnet\tools
USERNAME=brobi
OS=Windows_NT
PROCESSOR_IDENTIFIER=Intel64 Family 6 Model 158 Stepping 9, GenuineIntel



---------------  S Y S T E M  ---------------

OS: Windows 10.0 , 64 bit Build 19041 (10.0.19041.546)

CPU:total 8 (initial active 8) (4 cores per cpu, 2 threads per core) family 6 model 158 stepping 9, cmov, cx8, fxsr, mmx, sse, sse2, sse3, ssse3, sse4.1, sse4.2, popcnt, avx, avx2, aes, clmul, erms, 3dnowpref, lzcnt, ht, tsc, tscinvbit, bmi1, bmi2, adx

Memory: 4k page, physical 16659540k(1127612k free), swap 23827540k(5120k free)

vm_info: OpenJDK 64-Bit Server VM (25.242-b01) for windows-amd64 JRE (1.8.0_242-release-1644-b01), built by "builder" with MS VC++ 10.0 (VS2010)

time: Sat Nov 21 21:40:06 2020
timezone: Central Europe Standard Time
elapsed time: 2 seconds (0d 0h 0m 2s)

