#
# There is insufficient memory for the Java Runtime Environment to continue.
# Native memory allocation (malloc) failed to allocate 32744 bytes for ChunkPool::allocate
# Possible reasons:
#   The system is out of physical RAM or swap space
#   The process is running with CompressedOops enabled, and the Java Heap may be blocking the growth of the native heap
# Possible solutions:
#   Reduce memory load on the system
#   Increase physical memory or swap space
#   Check if swap backing store is full
#   Decrease Java heap size (-Xmx/-Xms)
#   Decrease number of Java threads
#   Decrease Java thread stack sizes (-Xss)
#   Set larger code cache with -XX:ReservedCodeCacheSize=
#   JVM is running with Unscaled Compressed Oops mode in which the Java heap is
#     placed in the first 4GB address space. The Java Heap base address is the
#     maximum limit for the native heap growth. Please use -XX:HeapBaseMinAddress
#     to set the Java Heap base and to place the Java Heap above 4GB virtual address.
# This output file may be truncated or incomplete.
#
#  Out of Memory Error (allocation.cpp:272), pid=17920, tid=0x00000000000048a4
#
# JRE version: OpenJDK Runtime Environment (8.0_242-b01) (build 1.8.0_242-release-1644-b01)
# Java VM: OpenJDK 64-Bit Server VM (25.242-b01 mixed mode windows-amd64 compressed oops)
# Failed to write core dump. Minidumps are not enabled by default on client versions of Windows
#

---------------  T H R E A D  ---------------

Current thread (0x0000000019679000):  JavaThread "C2 CompilerThread2" daemon [_thread_in_native, id=18596, stack(0x000000001a140000,0x000000001a240000)]

Stack: [0x000000001a140000,0x000000001a240000]
[error occurred during error reporting (printing stack bounds), id 0xc0000005]

Native frames: (J=compiled Java code, j=interpreted, Vv=VM code, C=native code)


Current CompileTask:
C2: 121131 17514       4       com.android.tools.r8.B.a.a.f::a (3630 bytes)


---------------  P R O C E S S  ---------------

Java Threads: ( => current thread )
  0x00000000214a8800 JavaThread "WorkerExecutor Queue Thread 2" [_thread_blocked, id=8504, stack(0x000000002fbd0000,0x000000002fcd0000)]
  0x00000000214aa800 JavaThread "WorkerExecutor Queue" [_thread_blocked, id=9536, stack(0x000000002fad0000,0x000000002fbd0000)]
  0x00000000214a2800 JavaThread "stdout" [_thread_in_native, id=9160, stack(0x000000002c730000,0x000000002c830000)]
  0x00000000214a6000 JavaThread "stderr" [_thread_in_native, id=13692, stack(0x000000002bb70000,0x000000002bc70000)]
  0x00000000214a5800 JavaThread "stdout" [_thread_in_native, id=11312, stack(0x000000002c3a0000,0x000000002c4a0000)]
  0x00000000214a4800 JavaThread "stderr" [_thread_in_native, id=10816, stack(0x000000002c2a0000,0x000000002c3a0000)]
  0x000000002149b800 JavaThread "stdout" [_thread_in_native, id=10072, stack(0x000000002c1a0000,0x000000002c2a0000)]
  0x000000002149c800 JavaThread "stderr" [_thread_in_native, id=5080, stack(0x000000002c0a0000,0x000000002c1a0000)]
  0x00000000214a0000 JavaThread "stdout" [_thread_in_native, id=16756, stack(0x000000002bfa0000,0x000000002c0a0000)]
  0x000000002149e800 JavaThread "stderr" [_thread_in_native, id=17052, stack(0x000000002bea0000,0x000000002bfa0000)]
  0x000000002149e000 JavaThread "stdout" [_thread_in_native, id=10328, stack(0x000000002bda0000,0x000000002bea0000)]
  0x000000002149f800 JavaThread "stderr" [_thread_in_native, id=18380, stack(0x000000002bca0000,0x000000002bda0000)]
  0x000000002149d000 JavaThread "pool-16-thread-1" [_thread_blocked, id=14992, stack(0x000000002ba70000,0x000000002bb70000)]
  0x000000001983b800 JavaThread "Cache worker for execution history cache (D:\android_projects\mobweb_hf_calorie\.gradle\6.1.1\executionHistory)" [_thread_blocked, id=8744, stack(0x000000002b550000,0x000000002b650000)]
  0x0000000019834000 JavaThread "Execution worker for ':' Thread 7" [_thread_in_Java, id=2816, stack(0x000000002b450000,0x000000002b550000)]
  0x000000001983a800 JavaThread "Execution worker for ':' Thread 6" [_thread_blocked, id=15648, stack(0x000000002b350000,0x000000002b450000)]
  0x0000000019833000 JavaThread "Execution worker for ':' Thread 5" [_thread_blocked, id=14208, stack(0x000000002b250000,0x000000002b350000)]
  0x000000001983a000 JavaThread "Execution worker for ':' Thread 4" [_thread_in_Java, id=9480, stack(0x000000002b150000,0x000000002b250000)]
  0x0000000019837000 JavaThread "Execution worker for ':' Thread 3" [_thread_blocked, id=14824, stack(0x000000002b050000,0x000000002b150000)]
  0x0000000019839000 JavaThread "Execution worker for ':' Thread 2" [_thread_blocked, id=2836, stack(0x0000000029f80000,0x000000002a080000)]
  0x0000000019838800 JavaThread "Execution worker for ':'" [_thread_blocked, id=19016, stack(0x0000000027c70000,0x0000000027d70000)]
  0x0000000019831000 JavaThread "Cache worker for file content cache (D:\android_projects\mobweb_hf_calorie\.gradle\6.1.1\fileContent)" [_thread_blocked, id=15236, stack(0x0000000028fc0000,0x00000000290c0000)]
  0x0000000019834800 JavaThread "Cache worker for file content cache (C:\Users\brobi\.gradle\caches\6.1.1\fileContent)" [_thread_blocked, id=2288, stack(0x0000000027370000,0x0000000027470000)]
  0x0000000019836000 JavaThread "Cache worker for Build Output Cleanup Cache (D:\android_projects\mobweb_hf_calorie\.gradle\buildOutputCleanup)" [_thread_blocked, id=19376, stack(0x0000000025860000,0x0000000025960000)]
  0x0000000019835800 JavaThread "Build operations Thread 8" [_thread_blocked, id=14220, stack(0x0000000025760000,0x0000000025860000)]
  0x0000000019837800 JavaThread "Build operations Thread 7" [_thread_blocked, id=1632, stack(0x0000000025660000,0x0000000025760000)]
  0x0000000019830000 JavaThread "Build operations Thread 6" [_thread_blocked, id=12492, stack(0x0000000024520000,0x0000000024620000)]
  0x0000000019831800 JavaThread "Build operations Thread 5" [_thread_blocked, id=8256, stack(0x0000000024150000,0x0000000024250000)]
  0x0000000019832800 JavaThread "Build operations Thread 4" [_thread_blocked, id=10780, stack(0x0000000024050000,0x0000000024150000)]
  0x000000001c23d000 JavaThread "Build operations Thread 3" [_thread_blocked, id=14104, stack(0x0000000023f50000,0x0000000024050000)]
  0x000000001c23e800 JavaThread "Build operations Thread 2" [_thread_blocked, id=19156, stack(0x0000000023e50000,0x0000000023f50000)]
  0x000000001c23c000 JavaThread "Build operations" [_thread_blocked, id=11940, stack(0x0000000023950000,0x0000000023a50000)]
  0x000000001f3ed000 JavaThread "Cache worker for cache directory md-rule (C:\Users\brobi\.gradle\caches\6.1.1\md-rule)" [_thread_blocked, id=6700, stack(0x0000000021d40000,0x0000000021e40000)]
  0x000000001f3ec000 JavaThread "Cache worker for cache directory md-supplier (C:\Users\brobi\.gradle\caches\6.1.1\md-supplier)" [_thread_blocked, id=18308, stack(0x0000000020c00000,0x0000000020d00000)]
  0x000000001f3eb800 JavaThread "Cache worker for file hash cache (D:\android_projects\mobweb_hf_calorie\.gradle\6.1.1\fileHashes)" [_thread_blocked, id=16356, stack(0x0000000020b00000,0x0000000020c00000)]
  0x000000001f3f2000 JavaThread "Cache worker for checksums cache (D:\android_projects\mobweb_hf_calorie\.gradle\checksums)" [_thread_blocked, id=7212, stack(0x0000000020a00000,0x0000000020b00000)]
  0x000000001f3e4000 JavaThread "Thread-41" [_thread_blocked, id=9176, stack(0x0000000020900000,0x0000000020a00000)]
  0x000000001f3e6000 JavaThread "Stdin handler" [_thread_blocked, id=2432, stack(0x000000001dc60000,0x000000001dd60000)]
  0x000000001f3e5800 JavaThread "Asynchronous log dispatcher for DefaultDaemonConnection: socket connection from /127.0.0.1:54712 to /127.0.0.1:54731" [_thread_blocked, id=10604, stack(0x000000001db60000,0x000000001dc60000)]
  0x000000001f3e3000 JavaThread "Daemon worker Thread 2" [_thread_blocked, id=1736, stack(0x000000001da60000,0x000000001db60000)]
  0x000000001f3e4800 JavaThread "Cancel handler" [_thread_blocked, id=14800, stack(0x000000001d660000,0x000000001d760000)]
  0x000000001f3e9000 JavaThread "Handler for socket connection from /127.0.0.1:54712 to /127.0.0.1:54731" [_thread_in_native, id=9524, stack(0x0000000000bc0000,0x0000000000cc0000)]
  0x000000001f3e8800 JavaThread "Daemon Thread 2" [_thread_blocked, id=3380, stack(0x0000000000ac0000,0x0000000000bc0000)]
  0x000000001f3ef000 JavaThread "Memory manager" [_thread_blocked, id=10768, stack(0x0000000026f30000,0x0000000027030000)]
  0x000000001c239000 JavaThread "Cache worker for execution history cache (C:\Users\brobi\.gradle\caches\6.1.1\executionHistory)" [_thread_blocked, id=7196, stack(0x0000000021e40000,0x0000000021f40000)]
  0x000000001c23b800 JavaThread "Cache worker for file hash cache (C:\Users\brobi\.gradle\caches\6.1.1\fileHashes)" [_thread_blocked, id=18688, stack(0x000000001e460000,0x000000001e560000)]
  0x000000001c23f000 JavaThread "File lock request listener" [_thread_in_native, id=13976, stack(0x000000001e360000,0x000000001e460000)]
  0x000000001c2da800 JavaThread "Cache worker for journal cache (C:\Users\brobi\.gradle\caches\journal-1)" [_thread_blocked, id=12392, stack(0x000000001e260000,0x000000001e360000)]
  0x000000001c0f1800 JavaThread "Daemon periodic checks" [_thread_blocked, id=14884, stack(0x000000001d560000,0x000000001d660000)]
  0x000000001c0ef000 JavaThread "Incoming local TCP Connector on port 54712" [_thread_in_native, id=2848, stack(0x000000001d320000,0x000000001d420000)]
  0x000000001c06e800 JavaThread "Daemon health stats" [_thread_blocked, id=15016, stack(0x000000001cce0000,0x000000001cde0000)]
  0x0000000019700000 JavaThread "Service Thread" daemon [_thread_blocked, id=12816, stack(0x000000001a340000,0x000000001a440000)]
  0x0000000019680000 JavaThread "C1 CompilerThread3" daemon [_thread_in_native, id=5952, stack(0x000000001a240000,0x000000001a340000)]
=>0x0000000019679000 JavaThread "C2 CompilerThread2" daemon [_thread_in_native, id=18596, stack(0x000000001a140000,0x000000001a240000)]
  0x0000000019677000 JavaThread "C2 CompilerThread1" daemon [_thread_in_native, id=7480, stack(0x000000001a040000,0x000000001a140000)]
  0x0000000019672800 JavaThread "C2 CompilerThread0" daemon [_thread_in_native, id=19356, stack(0x0000000019f40000,0x000000001a040000)]
  0x0000000019671800 JavaThread "Attach Listener" daemon [_thread_blocked, id=8364, stack(0x0000000019e40000,0x0000000019f40000)]
  0x0000000019670800 JavaThread "Signal Dispatcher" daemon [_thread_blocked, id=17800, stack(0x0000000019d40000,0x0000000019e40000)]
  0x000000000280c800 JavaThread "Finalizer" daemon [_thread_blocked, id=19104, stack(0x0000000019b40000,0x0000000019c40000)]
  0x0000000019660800 JavaThread "Reference Handler" daemon [_thread_blocked, id=2252, stack(0x0000000019a40000,0x0000000019b40000)]
  0x0000000002712800 JavaThread "main" [_thread_blocked, id=9692, stack(0x00000000025e0000,0x00000000026e0000)]

Other Threads:
  0x0000000017876800 VMThread [stack: 0x0000000019540000,0x0000000019640000] [id=9800]
  0x0000000019701000 WatcherThread [stack: 0x000000001a440000,0x000000001a540000] [id=19024]

VM state:not at safepoint (normal execution)

VM Mutex/Monitor currently owned by a thread: None

heap address: 0x0000000080000000, size: 2048 MB, Compressed Oops mode: 32-bit
Narrow klass base: 0x0000000000000000, Narrow klass shift: 3
Compressed class space size: 1073741824 Address: 0x0000000100000000

Heap:
 PSYoungGen      total 621056K, used 521415K [0x00000000d5580000, 0x0000000100000000, 0x0000000100000000)
  eden space 544256K, 95% used [0x00000000d5580000,0x00000000f52b1ef0,0x00000000f6900000)
  from space 76800K, 0% used [0x00000000f6900000,0x00000000f6900000,0x00000000fb400000)
  to   space 77312K, 0% used [0x00000000fb480000,0x00000000fb480000,0x0000000100000000)
 ParOldGen       total 325120K, used 74019K [0x0000000080000000, 0x0000000093d80000, 0x00000000d5580000)
  object space 325120K, 22% used [0x0000000080000000,0x0000000084848f20,0x0000000093d80000)
 Metaspace       used 101335K, capacity 107418K, committed 107672K, reserved 1142784K
  class space    used 13393K, capacity 14637K, committed 14760K, reserved 1048576K

Card table byte_map: [0x0000000011bd0000,0x0000000011fe0000] byte_map_base: 0x00000000117d0000

Marking Bits: (ParMarkBitMap*) 0x000000005baaf030
 Begin Bits: [0x0000000012a90000, 0x0000000014a90000)
 End Bits:   [0x0000000014a90000, 0x0000000016a90000)

Polling page: 0x0000000000d80000

CodeCache: size=245760Kb used=50388Kb max_used=50388Kb free=195371Kb
 bounds [0x0000000002810000, 0x0000000005980000, 0x0000000011810000]
 total_blobs=16076 nmethods=15151 adapters=835
 compilation: enabled

Compilation events (10 events):
Event: 121.122 Thread 0x0000000019680000 nmethod 18355 0x0000000005972090 code [0x0000000005972220, 0x00000000059724e8]
Event: 121.122 Thread 0x0000000019680000 18358       2       com.android.tools.r8.ir.conversion.q::a (2 bytes)
Event: 121.122 Thread 0x0000000019680000 nmethod 18358 0x0000000005972690 code [0x00000000059727e0, 0x0000000005972930]
Event: 121.122 Thread 0x0000000019680000 18359       2       com.android.tools.r8.u.b.g0::a (243 bytes)
Event: 121.123 Thread 0x0000000019680000 nmethod 18359 0x00000000059729d0 code [0x0000000005972c60, 0x00000000059737f8]
Event: 121.123 Thread 0x0000000019680000 18357       2       com.android.tools.r8.ir.regalloc.g::a (68 bytes)
Event: 121.124 Thread 0x0000000019680000 nmethod 18357 0x0000000005974290 code [0x0000000005974440, 0x00000000059748e8]
Event: 121.124 Thread 0x0000000019680000 18361 %     3       com.android.tools.r8.ir.regalloc.a::<init> @ 122 (167 bytes)
Event: 121.127 Thread 0x0000000019680000 nmethod 18361% 0x0000000005974d50 code [0x0000000005975100, 0x0000000005977118]
Event: 121.127 Thread 0x0000000019680000 18363 %     3       com.android.tools.r8.ir.optimize.d0::b @ 144 (1251 bytes)

GC Heap History (10 events):
Event: 115.950 GC heap before
{Heap before GC invocations=25 (full 3):
 PSYoungGen      total 507392K, used 482794K [0x00000000d5580000, 0x0000000100000000, 0x0000000100000000)
  eden space 434176K, 100% used [0x00000000d5580000,0x00000000efd80000,0x00000000efd80000)
  from space 73216K, 66% used [0x00000000efd80000,0x00000000f2cfabd0,0x00000000f4500000)
  to   space 75776K, 0% used [0x00000000fb600000,0x00000000fb600000,0x0000000100000000)
 ParOldGen       total 229888K, used 88882K [0x0000000080000000, 0x000000008e080000, 0x00000000d5580000)
  object space 229888K, 38% used [0x0000000080000000,0x00000000856cc870,0x000000008e080000)
 Metaspace       used 90885K, capacity 95938K, committed 96152K, reserved 1132544K
  class space    used 11955K, capacity 12955K, committed 12968K, reserved 1048576K
Event: 115.986 GC heap after
Heap after GC invocations=25 (full 3):
 PSYoungGen      total 620032K, used 48816K [0x00000000d5580000, 0x0000000100000000, 0x0000000100000000)
  eden space 544256K, 0% used [0x00000000d5580000,0x00000000d5580000,0x00000000f6900000)
  from space 75776K, 64% used [0x00000000fb600000,0x00000000fe5ac3e0,0x0000000100000000)
  to   space 77312K, 0% used [0x00000000f6900000,0x00000000f6900000,0x00000000fb480000)
 ParOldGen       total 229888K, used 101386K [0x0000000080000000, 0x000000008e080000, 0x00000000d5580000)
  object space 229888K, 44% used [0x0000000080000000,0x0000000086302908,0x000000008e080000)
 Metaspace       used 90885K, capacity 95938K, committed 96152K, reserved 1132544K
  class space    used 11955K, capacity 12955K, committed 12968K, reserved 1048576K
}
Event: 116.509 GC heap before
{Heap before GC invocations=26 (full 3):
 PSYoungGen      total 620032K, used 593072K [0x00000000d5580000, 0x0000000100000000, 0x0000000100000000)
  eden space 544256K, 100% used [0x00000000d5580000,0x00000000f6900000,0x00000000f6900000)
  from space 75776K, 64% used [0x00000000fb600000,0x00000000fe5ac3e0,0x0000000100000000)
  to   space 77312K, 0% used [0x00000000f6900000,0x00000000f6900000,0x00000000fb480000)
 ParOldGen       total 229888K, used 101389K [0x0000000080000000, 0x000000008e080000, 0x00000000d5580000)
  object space 229888K, 44% used [0x0000000080000000,0x0000000086303670,0x000000008e080000)
 Metaspace       used 90988K, capacity 96008K, committed 96152K, reserved 1132544K
  class space    used 11958K, capacity 12956K, committed 12968K, reserved 1048576K
Event: 116.534 GC heap after
Heap after GC invocations=26 (full 3):
 PSYoungGen      total 592384K, used 47719K [0x00000000d5580000, 0x0000000100000000, 0x0000000100000000)
  eden space 544256K, 0% used [0x00000000d5580000,0x00000000d5580000,0x00000000f6900000)
  from space 48128K, 99% used [0x00000000f6900000,0x00000000f9799e08,0x00000000f9800000)
  to   space 77824K, 0% used [0x00000000fb400000,0x00000000fb400000,0x0000000100000000)
 ParOldGen       total 229888K, used 115713K [0x0000000080000000, 0x000000008e080000, 0x00000000d5580000)
  object space 229888K, 50% used [0x0000000080000000,0x00000000871004c8,0x000000008e080000)
 Metaspace       used 90988K, capacity 96008K, committed 96152K, reserved 1132544K
  class space    used 11958K, capacity 12956K, committed 12968K, reserved 1048576K
}
Event: 117.644 GC heap before
{Heap before GC invocations=27 (full 3):
 PSYoungGen      total 592384K, used 591975K [0x00000000d5580000, 0x0000000100000000, 0x0000000100000000)
  eden space 544256K, 100% used [0x00000000d5580000,0x00000000f6900000,0x00000000f6900000)
  from space 48128K, 99% used [0x00000000f6900000,0x00000000f9799e08,0x00000000f9800000)
  to   space 77824K, 0% used [0x00000000fb400000,0x00000000fb400000,0x0000000100000000)
 ParOldGen       total 229888K, used 115713K [0x0000000080000000, 0x000000008e080000, 0x00000000d5580000)
  object space 229888K, 50% used [0x0000000080000000,0x00000000871004c8,0x000000008e080000)
 Metaspace       used 91299K, capacity 96316K, committed 96536K, reserved 1132544K
  class space    used 11988K, capacity 12992K, committed 13096K, reserved 1048576K
Event: 117.657 GC heap after
Heap after GC invocations=27 (full 3):
 PSYoungGen      total 622080K, used 43380K [0x00000000d5580000, 0x0000000100000000, 0x0000000100000000)
  eden space 544256K, 0% used [0x00000000d5580000,0x00000000d5580000,0x00000000f6900000)
  from space 77824K, 55% used [0x00000000fb400000,0x00000000fde5d2b0,0x0000000100000000)
  to   space 76800K, 0% used [0x00000000f6900000,0x00000000f6900000,0x00000000fb400000)
 ParOldGen       total 229888K, used 118731K [0x0000000080000000, 0x000000008e080000, 0x00000000d5580000)
  object space 229888K, 51% used [0x0000000080000000,0x00000000873f2f10,0x000000008e080000)
 Metaspace       used 91299K, capacity 96316K, committed 96536K, reserved 1132544K
  class space    used 11988K, capacity 12992K, committed 13096K, reserved 1048576K
}
Event: 118.526 GC heap before
{Heap before GC invocations=28 (full 3):
 PSYoungGen      total 622080K, used 167531K [0x00000000d5580000, 0x0000000100000000, 0x0000000100000000)
  eden space 544256K, 22% used [0x00000000d5580000,0x00000000dcebdca8,0x00000000f6900000)
  from space 77824K, 55% used [0x00000000fb400000,0x00000000fde5d2b0,0x0000000100000000)
  to   space 76800K, 0% used [0x00000000f6900000,0x00000000f6900000,0x00000000fb400000)
 ParOldGen       total 229888K, used 118731K [0x0000000080000000, 0x000000008e080000, 0x00000000d5580000)
  object space 229888K, 51% used [0x0000000080000000,0x00000000873f2f10,0x000000008e080000)
 Metaspace       used 93243K, capacity 98592K, committed 98600K, reserved 1134592K
  class space    used 12290K, capacity 13344K, committed 13352K, reserved 1048576K
Event: 118.535 GC heap after
Heap after GC invocations=28 (full 3):
 PSYoungGen      total 621056K, used 9163K [0x00000000d5580000, 0x0000000100000000, 0x0000000100000000)
  eden space 544256K, 0% used [0x00000000d5580000,0x00000000d5580000,0x00000000f6900000)
  from space 76800K, 11% used [0x00000000f6900000,0x00000000f71f2d10,0x00000000fb400000)
  to   space 77312K, 0% used [0x00000000fb480000,0x00000000fb480000,0x0000000100000000)
 ParOldGen       total 229888K, used 129758K [0x0000000080000000, 0x000000008e080000, 0x00000000d5580000)
  object space 229888K, 56% used [0x0000000080000000,0x0000000087eb7970,0x000000008e080000)
 Metaspace       used 93243K, capacity 98592K, committed 98600K, reserved 1134592K
  class space    used 12290K, capacity 13344K, committed 13352K, reserved 1048576K
}
Event: 118.535 GC heap before
{Heap before GC invocations=29 (full 4):
 PSYoungGen      total 621056K, used 9163K [0x00000000d5580000, 0x0000000100000000, 0x0000000100000000)
  eden space 544256K, 0% used [0x00000000d5580000,0x00000000d5580000,0x00000000f6900000)
  from space 76800K, 11% used [0x00000000f6900000,0x00000000f71f2d10,0x00000000fb400000)
  to   space 77312K, 0% used [0x00000000fb480000,0x00000000fb480000,0x0000000100000000)
 ParOldGen       total 229888K, used 129758K [0x0000000080000000, 0x000000008e080000, 0x00000000d5580000)
  object space 229888K, 56% used [0x0000000080000000,0x0000000087eb7970,0x000000008e080000)
 Metaspace       used 93243K, capacity 98592K, committed 98600K, reserved 1134592K
  class space    used 12290K, capacity 13344K, committed 13352K, reserved 1048576K
Event: 118.725 GC heap after
Heap after GC invocations=29 (full 4):
 PSYoungGen      total 621056K, used 0K [0x00000000d5580000, 0x0000000100000000, 0x0000000100000000)
  eden space 544256K, 0% used [0x00000000d5580000,0x00000000d5580000,0x00000000f6900000)
  from space 76800K, 0% used [0x00000000f6900000,0x00000000f6900000,0x00000000fb400000)
  to   space 77312K, 0% used [0x00000000fb480000,0x00000000fb480000,0x0000000100000000)
 ParOldGen       total 325120K, used 74019K [0x0000000080000000, 0x0000000093d80000, 0x00000000d5580000)
  object space 325120K, 22% used [0x0000000080000000,0x0000000084848f20,0x0000000093d80000)
 Metaspace       used 92640K, capacity 96852K, committed 98600K, reserved 1134592K
  class space    used 12091K, capacity 12994K, committed 13352K, reserved 1048576K
}

Deoptimization events (10 events):
Event: 120.445 Thread 0x0000000019834000 Uncommon trap: reason=class_check action=maybe_recompile pc=0x000000000568f680 method=com.android.tools.r8.u.a.i.e.b(Lcom/android/tools/r8/u/b/h0;)V @ 226
Event: 120.445 Thread 0x0000000019834000 Uncommon trap: reason=class_check action=maybe_recompile pc=0x000000000568f680 method=com.android.tools.r8.u.a.i.e.b(Lcom/android/tools/r8/u/b/h0;)V @ 226
Event: 120.537 Thread 0x000000001983a000 Uncommon trap: reason=unstable_if action=reinterpret pc=0x000000000538da40 method=com.android.tools.r8.ir.regalloc.h.a(I)I @ 8
Event: 120.537 Thread 0x000000001983a000 Uncommon trap: reason=unstable_if action=reinterpret pc=0x000000000551154c method=com.android.tools.r8.ir.regalloc.h.a(II)V @ 8
Event: 120.541 Thread 0x000000001983a000 Uncommon trap: reason=unstable_if action=reinterpret pc=0x0000000004aeaf08 method=com.android.tools.r8.u.b.o1.b()Z @ 4
Event: 120.544 Thread 0x000000001983a000 Uncommon trap: reason=unstable_if action=reinterpret pc=0x0000000005308f34 method=com.android.tools.r8.ir.regalloc.a.a(I)I @ 12
Event: 120.544 Thread 0x000000001983a000 Uncommon trap: reason=unstable_if action=reinterpret pc=0x0000000005348a50 method=com.android.tools.r8.ir.regalloc.b.r()Z @ 9
Event: 120.645 Thread 0x000000001983a000 Uncommon trap: reason=unstable_if action=reinterpret pc=0x00000000053454e8 method=com.android.tools.r8.ir.regalloc.a.a(Lcom/android/tools/r8/u/b/h0;Lcom/android/tools/r8/ir/regalloc/a$b;)Z @ 75
Event: 120.924 Thread 0x0000000019838800 Uncommon trap: reason=unstable_if action=reinterpret pc=0x0000000002a331a8 method=java.util.Arrays.equals([Ljava/lang/Object;[Ljava/lang/Object;)Z @ 47
Event: 120.924 Thread 0x0000000019838800 Uncommon trap: reason=null_check action=make_not_entrant pc=0x0000000004f237cc method=com.android.tools.r8.graph.e0.computeEquals(Ljava/lang/Object;)Z @ 1

Classes redefined (0 events):
No events

Internal exceptions (10 events):
Event: 120.116 Thread 0x000000001f3e3000 Exception <a 'sun/nio/fs/WindowsException'> (0x00000000e21c95f8) thrown at [C:\src\AOSP-openjdk-git\hotspot\src\share\vm\prims\jni.cpp, line 710]
Event: 120.125 Thread 0x0000000019837000 Exception <a 'java/lang/NoSuchMethodError': <clinit>> (0x00000000e2930528) thrown at [C:\src\AOSP-openjdk-git\hotspot\src\share\vm\prims\jni.cpp, line 1615]
Event: 120.127 Thread 0x0000000019837000 Exception <a 'java/lang/NoSuchMethodError': <clinit>> (0x00000000e29519c8) thrown at [C:\src\AOSP-openjdk-git\hotspot\src\share\vm\prims\jni.cpp, line 1615]
Event: 120.129 Thread 0x0000000019837000 Exception <a 'java/lang/NoSuchMethodError': <clinit>> (0x00000000e296da70) thrown at [C:\src\AOSP-openjdk-git\hotspot\src\share\vm\prims\jni.cpp, line 1615]
Event: 120.130 Thread 0x0000000019837000 Exception <a 'java/lang/NoSuchMethodError': <clinit>> (0x00000000e297dce0) thrown at [C:\src\AOSP-openjdk-git\hotspot\src\share\vm\prims\jni.cpp, line 1615]
Event: 120.132 Thread 0x0000000019837000 Exception <a 'java/lang/NoSuchMethodError': <clinit>> (0x00000000e2d33958) thrown at [C:\src\AOSP-openjdk-git\hotspot\src\share\vm\prims\jni.cpp, line 1615]
Event: 120.135 Thread 0x0000000019837000 Exception <a 'java/lang/NoSuchMethodError': <clinit>> (0x00000000e2d76800) thrown at [C:\src\AOSP-openjdk-git\hotspot\src\share\vm\prims\jni.cpp, line 1615]
Event: 120.233 Thread 0x0000000019838800 Implicit null exception at 0x000000000570b338 to 0x000000000570f5c5
Event: 120.924 Thread 0x0000000019838800 Implicit null exception at 0x0000000004f2364f to 0x0000000004f237bd
Event: 120.986 Thread 0x0000000019838800 Exception <a 'sun/nio/fs/WindowsException'> (0x00000000f2e8a900) thrown at [C:\src\AOSP-openjdk-git\hotspot\src\share\vm\prims\jni.cpp, line 710]

Events (10 events):
Event: 120.924 Thread 0x0000000019838800 DEOPT UNPACKING pc=0x000000000285557b sp=0x0000000027d6a598 mode 2
Event: 120.924 Thread 0x0000000019838800 Uncommon trap: trap_request=0xfffffff4 fr.pc=0x0000000004f237cc
Event: 120.924 Thread 0x0000000019838800 DEOPT PACKING pc=0x0000000004f237cc sp=0x0000000027d6a510
Event: 120.924 Thread 0x0000000019838800 DEOPT UNPACKING pc=0x000000000285557b sp=0x0000000027d6a4a8 mode 2
Event: 120.962 Executing VM operation: ForceSafepoint
Event: 120.963 Executing VM operation: ForceSafepoint done
Event: 121.067 Thread 0x000000001983a000 DEOPT PACKING pc=0x0000000005768f0a sp=0x000000002b24a840
Event: 121.067 Thread 0x000000001983a000 DEOPT UNPACKING pc=0x00000000028575d0 sp=0x000000002b24a648 mode 0
Event: 121.117 Thread 0x000000001983a000 DEOPT PACKING pc=0x000000000576de41 sp=0x000000002b24a7a0
Event: 121.117 Thread 0x000000001983a000 DEOPT UNPACKING pc=0x00000000028575d0 sp=0x000000002b24a560 mode 0


Dynamic libraries:
0x00007ff7c0150000 - 0x00007ff7c0181000 	D:\Program Files\Android\Android Studio\jre\bin\java.exe
0x00007ffdd3430000 - 0x00007ffdd3626000 	C:\WINDOWS\SYSTEM32\ntdll.dll
0x00007ffdd1c80000 - 0x00007ffdd1d3d000 	C:\WINDOWS\System32\KERNEL32.DLL
0x00007ffdd0f40000 - 0x00007ffdd1209000 	C:\WINDOWS\System32\KERNELBASE.dll
0x00007ffdd16e0000 - 0x00007ffdd178c000 	C:\WINDOWS\System32\ADVAPI32.dll
0x00007ffdd1790000 - 0x00007ffdd182e000 	C:\WINDOWS\System32\msvcrt.dll
0x00007ffdd2e10000 - 0x00007ffdd2eac000 	C:\WINDOWS\System32\sechost.dll
0x00007ffdd2a70000 - 0x00007ffdd2b9b000 	C:\WINDOWS\System32\RPCRT4.dll
0x00007ffdd1d40000 - 0x00007ffdd1ee0000 	C:\WINDOWS\System32\USER32.dll
0x00007ffdd0de0000 - 0x00007ffdd0e02000 	C:\WINDOWS\System32\win32u.dll
0x00007ffdd1890000 - 0x00007ffdd18ba000 	C:\WINDOWS\System32\GDI32.dll
0x00007ffdd0b70000 - 0x00007ffdd0c7b000 	C:\WINDOWS\System32\gdi32full.dll
0x00007ffdd0ea0000 - 0x00007ffdd0f3d000 	C:\WINDOWS\System32\msvcp_win.dll
0x00007ffdd1310000 - 0x00007ffdd1410000 	C:\WINDOWS\System32\ucrtbase.dll
0x00007ffdb6eb0000 - 0x00007ffdb714b000 	C:\WINDOWS\WinSxS\amd64_microsoft.windows.common-controls_6595b64144ccf1df_6.0.19041.746_none_ca02b4b61b8320a4\COMCTL32.dll
0x00007ffdd15e0000 - 0x00007ffdd1610000 	C:\WINDOWS\System32\IMM32.DLL
0x000000005b200000 - 0x000000005b2d2000 	D:\Program Files\Android\Android Studio\jre\jre\bin\msvcr100.dll
0x000000005b2e0000 - 0x000000005bb2b000 	D:\Program Files\Android\Android Studio\jre\jre\bin\server\jvm.dll
0x00007ffdd2eb0000 - 0x00007ffdd2eb8000 	C:\WINDOWS\System32\PSAPI.DLL
0x00007ffdb6140000 - 0x00007ffdb6149000 	C:\WINDOWS\SYSTEM32\WSOCK32.dll
0x00007ffdc9920000 - 0x00007ffdc992a000 	C:\WINDOWS\SYSTEM32\VERSION.dll
0x00007ffdc6450000 - 0x00007ffdc6477000 	C:\WINDOWS\SYSTEM32\WINMM.dll
0x00007ffdd1570000 - 0x00007ffdd15db000 	C:\WINDOWS\System32\WS2_32.dll
0x00007ffdcca60000 - 0x00007ffdcca6f000 	D:\Program Files\Android\Android Studio\jre\jre\bin\verify.dll
0x00007ffdcb2e0000 - 0x00007ffdcb309000 	D:\Program Files\Android\Android Studio\jre\jre\bin\java.dll
0x00007ffdcb590000 - 0x00007ffdcb5a6000 	D:\Program Files\Android\Android Studio\jre\jre\bin\zip.dll
0x00007ffdd2270000 - 0x00007ffdd29b2000 	C:\WINDOWS\System32\SHELL32.dll
0x00007ffdcebe0000 - 0x00007ffdcf370000 	C:\WINDOWS\SYSTEM32\windows.storage.dll
0x00007ffdd1920000 - 0x00007ffdd1c76000 	C:\WINDOWS\System32\combase.dll
0x00007ffdd05d0000 - 0x00007ffdd05fc000 	C:\WINDOWS\SYSTEM32\Wldp.dll
0x00007ffdd3340000 - 0x00007ffdd33ee000 	C:\WINDOWS\System32\SHCORE.dll
0x00007ffdd1830000 - 0x00007ffdd1885000 	C:\WINDOWS\System32\shlwapi.dll
0x00007ffdd0aa0000 - 0x00007ffdd0ac6000 	C:\WINDOWS\SYSTEM32\profapi.dll
0x00007ffdcb3a0000 - 0x00007ffdcb3ba000 	D:\Program Files\Android\Android Studio\jre\jre\bin\net.dll
0x00007ffdd0350000 - 0x00007ffdd03ba000 	C:\WINDOWS\system32\mswsock.dll
0x00007ffdcb2c0000 - 0x00007ffdcb2d3000 	D:\Program Files\Android\Android Studio\jre\jre\bin\nio.dll
0x00007ffd91340000 - 0x00007ffd91366000 	C:\Users\brobi\.gradle\native\31\windows-amd64\native-platform.dll
0x00007ffdcb2b0000 - 0x00007ffdcb2bd000 	D:\Program Files\Android\Android Studio\jre\jre\bin\management.dll
0x00007ffdd0530000 - 0x00007ffdd0548000 	C:\WINDOWS\SYSTEM32\CRYPTSP.dll
0x00007ffdcfc80000 - 0x00007ffdcfcb4000 	C:\WINDOWS\system32\rsaenh.dll
0x00007ffdd0e70000 - 0x00007ffdd0e97000 	C:\WINDOWS\System32\bcrypt.dll
0x00007ffdd0a60000 - 0x00007ffdd0a8e000 	C:\WINDOWS\SYSTEM32\USERENV.dll
0x00007ffdd1410000 - 0x00007ffdd1490000 	C:\WINDOWS\System32\bcryptprimitives.dll
0x00007ffdd0520000 - 0x00007ffdd052c000 	C:\WINDOWS\SYSTEM32\CRYPTBASE.dll
0x00007ffdcfff0000 - 0x00007ffdd002b000 	C:\WINDOWS\SYSTEM32\IPHLPAPI.DLL
0x00007ffdd2ec0000 - 0x00007ffdd2ec8000 	C:\WINDOWS\System32\NSI.dll
0x00007ffdc8800000 - 0x00007ffdc8817000 	C:\WINDOWS\SYSTEM32\dhcpcsvc6.DLL
0x00007ffdc90f0000 - 0x00007ffdc910d000 	C:\WINDOWS\SYSTEM32\dhcpcsvc.DLL
0x00007ffdd0030000 - 0x00007ffdd00fb000 	C:\WINDOWS\SYSTEM32\DNSAPI.dll
0x00007ffdbedf0000 - 0x00007ffdbee14000 	D:\Program Files\Android\Android Studio\jre\jre\bin\sunec.dll
0x00007ffdc6440000 - 0x00007ffdc644a000 	C:\Windows\System32\rasadhlp.dll
0x00007ffdc0770000 - 0x00007ffdc07ef000 	C:\WINDOWS\System32\fwpuclnt.dll
0x00007ffdcb270000 - 0x00007ffdcb27b000 	D:\Program Files\Android\Android Studio\jre\jre\bin\sunmscapi.dll
0x00007ffdd0c80000 - 0x00007ffdd0dd6000 	C:\WINDOWS\System32\CRYPT32.dll
0x00007ffdcf9d0000 - 0x00007ffdcfa03000 	C:\WINDOWS\SYSTEM32\ntmarta.dll
0x00007ffdce370000 - 0x00007ffdce400000 	C:\WINDOWS\system32\apphelp.dll

VM Arguments:
jvm_args: -Xmx2048m -Dfile.encoding=windows-1250 -Duser.country=US -Duser.language=en -Duser.variant 
java_command: org.gradle.launcher.daemon.bootstrap.GradleDaemon 6.1.1
java_class_path (initial): C:\Users\brobi\.gradle\wrapper\dists\gradle-6.1.1-all\cfmwm155h49vnt3hynmlrsdst\gradle-6.1.1\lib\gradle-launcher-6.1.1.jar
Launcher Type: SUN_STANDARD

Environment Variables:
JAVA_HOME=C:\Program Files\Java\jdk-12.0.2
PATH=D:\Program Files (x86)\VMware\VMware Player\bin\;C:\Python39\Scripts\;C:\Python39\;C:\Program Files (x86)\Common Files\Oracle\Java\javapath;C:\Program Files (x86)\Intel\iCLS Client\;C:\Program Files\Intel\iCLS Client\;C:\Windows\system32;C:\Windows;C:\Windows\System32\Wbem;C:\Windows\System32\WindowsPowerShell\v1.0\;C:\Program Files (x86)\NVIDIA Corporation\PhysX\Common;C:\Program Files (x86)\Intel\Intel(R) Management Engine Components\DAL;C:\Program Files\Intel\Intel(R) Management Engine Components\DAL;C:\Program Files (x86)\Intel\Intel(R) Management Engine Components\IPT;C:\Program Files\Intel\Intel(R) Management Engine Components\IPT;C:\Program Files\Intel\WiFi\bin\;C:\Program Files\Common Files\Intel\WirelessCommon\;C:\WINDOWS\system32;C:\WINDOWS;C:\WINDOWS\System32\Wbem;C:\WINDOWS\System32\WindowsPowerShell\v1.0\;C:\WINDOWS\System32\OpenSSH\;C:\Program Files\NVIDIA Corporation\NVIDIA NvDLISR;D:\Program Files (x86)\bin;C:\Program Files\Java\jdk-12.0.2\bin;C:\Program Files\Microsoft SQL Server\130\Tools\B;C:\Users\;C:\Program Files\Microsoft SQL Server\C;C:\Program Files\dotnet\;D:\Program Files\nodejs;D:\Program Files\PuTTY\;C:\Program Files (x86)\PuTTY\;D:\Windows Kits\10\Windows Performance Toolkit\;C:\Users\brobi\AppData\Local\Microsoft\WindowsApps;D:\Program Files\JetBrains\CLion 2019.3.4\bin;C:\Users\brobi\.dotnet\tools;C:\Users\brobi\AppData\Local\GitHubDesktop\bin;D:\Fiddler;C:\Users\brobi\AppData\Roaming\npm;D:\Microsoft_VS_Code\bin;C:\Users\brobi\.dotnet\tools;D:\Program Files\nodejs;D:\flutter_windows_1.26.0-17.3.pre-beta\flutter\bin;C:\Program Files\Git\bin\git.exe;C:\Program Files\Git\cmd;C:\Windows\System32;
USERNAME=brobi
OS=Windows_NT
PROCESSOR_IDENTIFIER=Intel64 Family 6 Model 158 Stepping 9, GenuineIntel



---------------  S Y S T E M  ---------------

OS: Windows 10.0 , 64 bit Build 19041 (10.0.19041.804)

CPU:total 8 (initial active 8) (4 cores per cpu, 2 threads per core) family 6 model 158 stepping 9, cmov, cx8, fxsr, mmx, sse, sse2, sse3, ssse3, sse4.1, sse4.2, popcnt, avx, avx2, aes, clmul, erms, 3dnowpref, lzcnt, ht, tsc, tscinvbit, bmi1, bmi2, adx

Memory: 4k page, physical 16659540k(5092552k free), swap 18756692k(2256k free)

vm_info: OpenJDK 64-Bit Server VM (25.242-b01) for windows-amd64 JRE (1.8.0_242-release-1644-b01), built by "builder" with MS VC++ 10.0 (VS2010)

time: Sat Feb 27 20:31:56 2021
timezone: Central Europe Standard Time
elapsed time: 121 seconds (0d 0h 2m 1s)

