JvmtiExport can_access_local_variables 0
JvmtiExport can_hotswap_or_post_breakpoint 0
JvmtiExport can_post_on_exceptions 0
# 175 ciObject found
ciMethod java/lang/Object <init> ()V 4097 1 439615 0 0
ciMethod java/lang/String <init> ([CII)V 3073 1 5523 0 -1
ciMethod java/lang/String length ()I 3113 1 184749 0 -1
ciMethod java/lang/String charAt (I)C 4097 1 1166724 0 128
ciMethod java/lang/String equals (Ljava/lang/Object;)Z 2185 11825 7954 0 -1
ciMethod java/lang/String hashCode ()I 2705 32769 1029 0 288
ciMethod java/lang/String indexOf (I)I 2673 1 150052 0 288
ciMethod java/lang/String indexOf (II)I 1329 49193 1233 0 384
ciMethod java/lang/String indexOfSupplementary (II)I 0 0 1 0 -1
ciMethod java/lang/String substring (II)Ljava/lang/String; 2233 1 5409 0 -1
ciMethod java/lang/System arraycopy (Ljava/lang/Object;ILjava/lang/Object;II)V 5121 1 640 0 -1
ciMethod java/lang/AbstractStringBuilder <init> (I)V 1249 1 38800 0 -1
ciMethod java/lang/AbstractStringBuilder append (Ljava/lang/String;)Ljava/lang/AbstractStringBuilder; 2193 1 5601 0 -1
ciMethod java/lang/AbstractStringBuilder append (C)Ljava/lang/AbstractStringBuilder; 4097 1 176900 0 -1
ciMethod java/lang/StringBuilder <init> ()V 945 1 26071 0 192
ciMethod java/lang/StringBuilder append (Ljava/lang/String;)Ljava/lang/StringBuilder; 2065 1 52221 0 992
ciMethod java/lang/StringBuilder append (C)Ljava/lang/StringBuilder; 4097 1 66906 0 832
ciMethod java/lang/StringBuilder toString ()Ljava/lang/String; 1025 1 31876 0 832
ciMethod java/lang/Math max (II)I 625 1 53476 0 -1
ciMethodData java/lang/Object <init> ()V 2 439615 orig 264 88 29 63 83 0 0 0 0 128 4 54 22 0 0 0 0 32 1 0 0 0 0 0 0 0 0 0 0 0 0 0 0 0 0 0 0 0 0 0 0 0 0 0 0 0 0 0 0 0 0 0 0 0 0 0 0 0 0 0 0 0 0 0 0 0 0 0 0 0 0 0 0 0 0 0 0 0 0 0 0 77 68 79 32 101 120 116 114 97 32 100 97 116 97 32 108 111 99 107 0 0 0 0 0 0 0 0 0 0 0 0 0 0 0 0 0 0 0 0 0 0 0 0 0 0 0 0 0 0 0 0 0 0 0 0 0 0 0 0 0 0 0 0 0 0 0 0 0 0 0 0 0 0 0 0 0 0 0 0 0 0 0 0 0 0 0 0 0 0 0 0 0 0 0 0 0 0 0 0 0 0 0 0 0 1 0 0 0 0 0 0 0 1 0 0 0 0 0 0 0 1 0 0 0 0 0 0 0 0 0 0 0 0 0 0 0 0 2 0 0 249 153 53 0 1 0 0 0 0 0 0 0 0 0 0 0 2 0 0 0 0 0 3 0 1 0 0 0 0 0 0 0 255 255 255 255 0 0 0 0 0 0 0 0 data 0 oops 0
ciMethodData java/lang/String charAt (I)C 2 1170388 orig 264 88 29 63 83 0 0 0 0 176 61 54 22 0 0 0 0 120 1 0 0 32 0 0 0 0 0 0 0 0 0 0 0 0 0 0 0 0 0 0 0 0 0 0 0 0 0 0 0 0 0 0 0 0 0 0 0 0 0 0 0 0 0 0 0 0 0 0 0 0 0 0 0 0 0 0 0 0 0 0 0 77 68 79 32 101 120 116 114 97 32 100 97 116 97 32 108 111 99 107 0 0 0 0 0 0 0 0 0 0 0 0 0 0 0 0 0 0 0 0 0 0 0 0 0 0 0 0 0 0 0 0 0 0 0 0 0 0 0 0 0 0 0 0 0 0 0 0 0 0 0 0 0 0 0 0 0 0 0 0 0 0 0 0 0 0 0 0 0 0 0 0 0 0 0 0 0 0 0 0 0 0 0 0 0 25 0 0 0 0 0 0 0 0 0 0 0 0 0 0 0 1 0 0 0 0 0 0 0 0 0 0 0 0 0 0 0 0 2 0 0 161 206 142 0 1 0 0 0 0 0 0 0 0 0 0 0 2 0 0 0 0 0 8 0 2 0 0 0 80 0 0 0 255 255 255 255 7 0 1 0 0 0 0 0 data 10 0x10007 0x0 0x40 0x11d9d4 0xa0007 0x11d9d4 0x30 0x0 0x120002 0x0 oops 0
ciMethodData java/lang/String hashCode ()I 2 20841 orig 264 88 29 63 83 0 0 0 0 0 80 54 22 0 0 0 0 152 1 0 0 32 0 0 0 0 0 0 0 0 0 0 0 0 0 0 0 0 0 0 0 0 0 0 0 0 0 0 0 0 0 0 0 0 0 0 0 0 0 0 0 0 0 0 0 0 0 0 0 0 0 0 0 0 0 0 0 0 0 0 0 77 68 79 32 101 120 116 114 97 32 100 97 116 97 32 108 111 99 107 0 0 0 0 0 0 0 0 0 0 0 0 0 0 0 0 0 0 0 0 0 0 0 0 0 0 0 0 0 0 0 0 0 0 0 0 0 0 0 0 0 0 0 0 0 0 0 0 0 0 0 0 0 0 0 0 0 0 0 0 0 0 0 0 0 0 0 0 0 0 0 0 0 0 0 0 0 0 0 0 0 0 0 0 0 1 0 0 0 0 0 0 0 0 0 0 0 0 0 0 0 1 0 0 0 0 0 0 0 0 0 0 0 0 0 0 0 0 16 0 0 153 21 0 0 73 11 2 0 0 0 0 0 0 0 0 0 2 0 0 0 1 0 11 0 2 0 0 0 120 0 0 0 255 255 255 255 7 0 6 0 0 0 0 0 data 15 0x60007 0xfd 0x78 0x1b6 0xe0007 0x4 0x58 0x1b2 0x1e0007 0x1b2 0x38 0x413e 0x2d0003 0x413e 0xffffffffffffffe0 oops 0
ciMethodData java/lang/String indexOf (II)I 2 27220 orig 264 88 29 63 83 0 0 0 0 128 81 54 22 0 0 0 0 16 2 0 0 88 0 0 0 0 0 0 0 0 0 0 0 0 0 0 0 0 0 0 0 0 0 0 0 0 0 0 0 0 0 0 0 0 0 0 0 0 0 0 0 0 0 0 0 0 0 0 0 0 0 0 0 0 0 0 0 0 0 0 0 77 68 79 32 101 120 116 114 97 32 100 97 116 97 32 108 111 99 107 0 0 0 0 0 0 0 0 0 0 0 0 0 0 0 0 0 0 0 0 0 0 0 0 0 0 0 0 0 0 0 0 0 0 0 0 0 0 0 0 0 0 0 0 0 0 0 0 0 0 0 0 0 0 0 0 0 0 0 0 0 0 0 0 0 0 0 0 0 0 0 0 0 0 0 0 0 0 0 0 0 0 0 0 0 17 0 0 0 0 0 0 0 0 0 0 0 0 0 0 0 0 0 0 0 0 0 0 0 0 0 0 0 0 0 0 0 5 24 0 0 89 33 0 0 121 146 2 0 0 0 0 0 0 0 0 0 2 0 0 0 1 0 15 0 2 0 0 0 224 0 0 0 255 255 255 255 7 0 7 0 0 0 0 0 data 28 0x70007 0x42b 0x38 0x0 0xc0003 0x0 0x38 0x110007 0x38d 0x20 0x9e 0x190007 0x0 0x78 0x38d 0x280007 0x380 0x58 0x525c 0x310007 0x524f 0x20 0xd 0x3a0003 0x524f 0xffffffffffffffc0 0x420002 0x0 oops 0
ciMethodData java/lang/String indexOf (I)I 2 150061 orig 264 88 29 63 83 0 0 0 0 152 80 54 22 0 0 0 0 128 1 0 0 0 0 0 0 0 0 0 0 0 0 0 0 0 0 0 0 0 0 0 0 0 0 0 0 0 0 0 0 0 0 0 0 0 0 0 0 0 0 0 0 0 0 0 0 0 0 0 0 0 0 0 0 0 0 0 0 0 0 0 0 77 68 79 32 101 120 116 114 97 32 100 97 116 97 32 108 111 99 107 0 0 0 0 0 0 0 0 0 0 0 0 0 0 0 0 0 0 0 0 0 0 0 0 0 0 0 0 0 0 0 0 0 0 0 0 0 0 0 0 0 0 0 0 0 0 0 0 0 0 0 0 0 0 0 0 0 0 0 0 0 0 0 0 0 0 0 0 0 0 0 0 0 0 0 0 0 0 0 0 0 0 0 0 0 17 0 0 0 0 0 0 0 0 0 0 0 0 0 0 0 0 0 0 0 0 0 0 0 0 0 0 0 0 0 0 0 78 1 0 0 249 70 18 0 1 0 0 0 0 0 0 0 0 0 0 0 2 0 0 0 0 0 3 0 2 0 0 0 48 0 0 0 255 255 255 255 5 0 3 0 0 0 0 0 data 6 0x30005 0x1 0x2f70420 0x248de 0x0 0x0 oops 1 2 java/lang/String
ciMethod org/objectweb/asm/Type getArgumentsAndReturnSizes (Ljava/lang/String;)I 3201 2281 2144 0 0
ciMethod org/objectweb/asm/SymbolTable get (I)Lorg/objectweb/asm/SymbolTable$Entry; 2089 1 14422 0 0
ciMethod org/objectweb/asm/SymbolTable put (Lorg/objectweb/asm/SymbolTable$Entry;)Lorg/objectweb/asm/SymbolTable$Entry; 3273 3593 5535 0 864
ciMethod org/objectweb/asm/SymbolTable addType (Ljava/lang/String;)I 2049 393 2821 0 0
ciMethod org/objectweb/asm/SymbolTable addUninitializedType (Ljava/lang/String;I)I 33 17 44 0 0
ciMethod org/objectweb/asm/SymbolTable addTypeInternal (Lorg/objectweb/asm/SymbolTable$Entry;)I 649 1 619 0 0
ciMethod org/objectweb/asm/SymbolTable hash (ILjava/lang/String;)I 3377 1 11452 0 0
ciMethod org/objectweb/asm/SymbolTable hash (ILjava/lang/String;I)I 353 1 44 0 -1
ciMethod org/objectweb/asm/Symbol <init> (IILjava/lang/String;Ljava/lang/String;Ljava/lang/String;J)V 4097 1 6782 0 96
ciMethod org/objectweb/asm/SymbolTable$Entry <init> (IILjava/lang/String;I)V 3625 1 4176 0 0
ciMethod org/objectweb/asm/SymbolTable$Entry <init> (IILjava/lang/String;JI)V 353 1 44 0 -1
ciMethod org/objectweb/asm/Frame getAbstractTypeFromDescriptor (Lorg/objectweb/asm/SymbolTable;Ljava/lang/String;I)I 2849 1 2233 0 -1
ciMethod org/objectweb/asm/Frame getLocal (I)I 1617 1 2203 0 0
ciMethod org/objectweb/asm/Frame setLocal (II)V 193 1 288 0 0
ciMethod org/objectweb/asm/Frame push (I)V 3337 1 4362 0 0
ciMethod org/objectweb/asm/Frame push (Lorg/objectweb/asm/SymbolTable;Ljava/lang/String;)V 1345 1 1746 0 0
ciMethod org/objectweb/asm/Frame pop ()I 1417 1 1765 0 0
ciMethod org/objectweb/asm/Frame pop (I)V 2177 1 2810 0 0
ciMethod org/objectweb/asm/Frame pop (Ljava/lang/String;)V 1201 1 1464 0 0
ciMethod org/objectweb/asm/Frame addInitializedType (I)V 41 1 75 0 0
ciMethod org/objectweb/asm/Frame execute (IILorg/objectweb/asm/Symbol;Lorg/objectweb/asm/SymbolTable;)V 4097 1 5661 0 -1
ciMethodData org/objectweb/asm/SymbolTable get (I)Lorg/objectweb/asm/SymbolTable$Entry; 2 14422 orig 264 88 29 63 83 0 0 0 0 72 205 161 29 0 0 0 0 40 1 0 0 0 0 0 0 0 0 0 0 0 0 0 0 0 0 0 0 0 0 0 0 0 0 0 0 0 0 0 0 0 0 0 0 0 0 0 0 0 0 0 0 0 0 0 0 0 0 0 0 0 0 0 0 0 0 0 0 0 0 0 0 77 68 79 32 101 120 116 114 97 32 100 97 116 97 32 108 111 99 107 0 0 0 0 0 0 0 0 0 0 0 0 0 0 0 0 0 0 0 0 0 0 0 0 0 0 0 0 0 0 0 0 0 0 0 0 0 0 0 0 0 0 0 0 0 0 0 0 0 0 0 0 0 0 0 0 0 0 0 0 0 0 0 0 0 0 0 0 0 0 0 0 0 0 0 0 0 0 0 0 0 0 0 0 0 0 0 0 0 0 0 0 0 0 0 0 0 0 0 0 0 0 0 0 0 0 0 0 0 0 0 0 0 0 0 0 0 5 1 0 0 137 186 1 0 1 0 0 0 0 0 0 0 0 0 0 0 2 0 0 0 0 0 3 0 1 0 0 0 0 0 0 0 255 255 255 255 0 0 0 0 0 0 0 0 data 0 oops 0
ciMethodData org/objectweb/asm/SymbolTable hash (ILjava/lang/String;)I 2 11452 orig 264 88 29 63 83 0 0 0 0 72 250 161 29 0 0 0 0 128 1 0 0 0 0 0 0 0 0 0 0 0 0 0 0 0 0 0 0 0 0 0 0 0 0 0 0 0 0 0 0 0 0 0 0 0 0 0 0 0 0 0 0 0 0 0 0 0 0 0 0 0 0 0 0 0 0 0 0 0 0 0 0 77 68 79 32 101 120 116 114 97 32 100 97 116 97 32 108 111 99 107 0 0 0 0 0 0 0 0 0 0 0 0 0 0 0 0 0 0 0 0 0 0 0 0 0 0 0 0 0 0 0 0 0 0 0 0 0 0 0 0 0 0 0 0 0 0 0 0 0 0 0 0 0 0 0 0 0 0 0 0 0 0 0 0 0 0 0 0 0 0 0 0 0 0 0 0 0 0 0 0 0 0 0 0 0 0 0 0 0 0 0 0 0 0 0 0 0 0 0 0 0 0 0 0 0 0 0 0 0 0 0 0 0 0 0 0 0 166 1 0 0 177 88 1 0 1 0 0 0 0 0 0 0 0 0 0 0 2 0 0 0 0 0 3 0 2 0 0 0 48 0 0 0 255 255 255 255 5 0 4 0 0 0 0 0 data 6 0x40005 0x26 0x2f70420 0x2af0 0x0 0x0 oops 1 2 java/lang/String
ciMethodData org/objectweb/asm/SymbolTable put (Lorg/objectweb/asm/SymbolTable$Entry;)Lorg/objectweb/asm/SymbolTable$Entry; 2 8082 orig 264 88 29 63 83 0 0 0 0 0 207 161 29 0 0 0 0 64 2 0 0 0 0 0 0 0 0 0 0 0 0 0 0 0 0 0 0 0 0 0 0 0 0 0 0 0 0 0 0 0 0 0 0 0 0 0 0 0 0 0 0 0 0 0 0 0 0 0 0 0 0 0 0 0 0 0 0 0 0 0 0 77 68 79 32 101 120 116 114 97 32 100 97 116 97 32 108 111 99 107 0 0 0 0 0 0 0 0 0 0 0 0 0 0 0 0 0 0 0 0 0 0 0 0 0 0 0 0 0 0 0 0 0 0 0 0 0 0 0 0 0 0 0 0 0 0 0 0 0 0 0 0 0 0 0 0 0 0 0 0 0 0 0 0 0 0 0 0 0 0 0 0 0 0 0 0 0 0 0 0 0 0 0 0 0 0 0 0 0 0 0 0 0 0 0 0 0 0 0 0 0 0 0 0 0 0 0 0 0 0 0 0 0 0 0 0 0 193 1 0 0 49 160 0 0 137 238 0 0 0 0 0 0 0 0 0 0 2 0 0 0 2 0 12 0 2 0 0 0 240 0 0 0 255 255 255 255 7 0 13 0 0 0 0 0 data 30 0xd0007 0x13f9 0xc0 0xd 0x290007 0xd 0xa0 0x1104 0x370007 0x1104 0x68 0xccd 0x5a0004 0x0 0x1c7b8df0 0xccd 0x0 0x0 0x5f0003 0xccd 0xffffffffffffffb0 0x650003 0x1104 0xffffffffffffff78 0x940004 0x0 0x1c7b8df0 0x1406 0x0 0x0 oops 2 14 org/objectweb/asm/SymbolTable$Entry 26 org/objectweb/asm/SymbolTable$Entry
ciMethodData org/objectweb/asm/Frame execute (IILorg/objectweb/asm/Symbol;Lorg/objectweb/asm/SymbolTable;)V 2 5693 orig 264 88 29 63 83 0 0 0 0 208 126 162 29 0 0 0 0 208 35 0 0 136 33 0 0 0 0 0 0 0 0 0 0 0 0 0 0 0 0 0 0 0 0 0 0 0 0 0 0 0 0 0 0 0 0 0 0 0 0 0 0 0 0 0 0 0 0 0 0 0 0 0 0 0 0 0 0 0 0 0 0 77 68 79 32 101 120 116 114 97 32 100 97 116 97 32 108 111 99 107 0 0 0 0 0 0 0 0 0 0 0 0 0 0 0 0 0 0 0 0 0 0 0 0 0 0 0 0 0 0 0 0 0 0 0 0 0 0 0 0 0 0 0 0 0 0 0 0 0 0 0 0 0 0 0 0 0 0 0 0 0 0 0 0 0 0 0 0 0 0 0 0 0 0 0 0 0 0 0 0 0 0 0 0 0 0 0 0 0 0 0 0 0 0 0 0 0 0 0 0 0 0 0 0 0 0 0 0 0 0 0 0 0 0 0 0 0 0 2 0 0 137 161 0 0 1 0 0 0 0 0 0 0 0 0 0 0 2 0 0 0 0 0 160 0 2 0 0 0 64 34 0 0 255 255 255 255 8 0 1 0 0 0 0 0 data 1096 0x10008 0x192 0x0 0x2230 0x0 0xca0 0x0 0xcb8 0x0 0xce0 0x1 0xce0 0x1 0xce0 0x0 0xce0 0x0 0xce0 0x0 0xce0 0x0 0xce0 0x0 0xd08 0x0 0xd08 0x0 0xd40 0x0 0xd40 0x0 0xd40 0x0 0xd68 0x0 0xd68 0x0 0xce0 0x0 0xce0 0xd 0xda0 0x0 0x2230 0x0 0x2230 0x0 0xce0 0x0 0xd08 0x0 0xd40 0x0 0xd68 0x6f 0x1108 0x0 0x2230 0x0 0x2230 0x0 0x2230 0x0 0x2230 0x0 0x2230 0x0 0x2230 0x0 0x2230 0x0 0x2230 0x0 0x2230 0x0 0x2230 0x0 0x2230 0x0 0x2230 0x0 0x2230 0x0 0x2230 0x0 0x2230 0x0 0x2230 0x0 0x2230 0x0 0x2230 0x0 0x2230 0x0 0x2230 0x0 0x18a8 0x0 0x1140 0x0 0x1928 0x0 0x1188 0x0 0x11d0 0x0 0x18a8 0x0 0x18a8 0x0 0x18a8 0x0 0x1250 0x0 0x1370 0x0 0x1250 0x0 0x1370 0x18 0x1250 0x0 0x2230 0x0 0x2230 0x0 0x2230 0x0 0x2230 0x0 0x2230 0x0 0x2230 0x0 0x2230 0x0 0x2230 0x0 0x2230 0x0 0x2230 0x0 0x2230 0x0 0x2230 0x0 0x2230 0x0 0x2230 0x0 0x2230 0x0 0x2230 0x0 0x2230 0x0 0x2230 0x0 0x2230 0x0 0x2230 0x0 0x14b0 0x0 0x14d8 0x0 0x14b0 0x0 0x14d8 0x1 0x14b0 0x0 0x14b0 0x0 0x14b0 0x0 0x14b0 0x0 0x1500 0x0 0x1528 0x1 0x1550 0x0 0x1598 0x0 0x1600 0x0 0x1688 0x0 0x1700 0x0 0x1798 0x0 0x1850 0x0 0x18a8 0x0 0x18e0 0x0 0x1928 0x0 0x1960 0x0 0x18a8 0x0 0x18e0 0x0 0x1928 0x0 0x1960 0x0 0x18a8 0x0 0x18e0 0x0 0x1928 0x0 0x1960 0x0 0x18a8 0x0 0x18e0 0x0 0x1928 0x0 0x1960 0x0 0x18a8 0x0 0x18e0 0x0 0x1928 0x0 0x1960 0x0 0xca0 0x0 0xca0 0x0 0xca0 0x0 0xca0 0x0 0x18a8 0x0 0x19a8 0x0 0x18a8 0x0 0x19a8 0x0 0x18a8 0x0 0x19a8 0x0 0x18a8 0x0 0x18e0 0x0 0x18a8 0x0 0x18e0 0x0 0x18a8 0x0 0x18e0 0x0 0x19f0 0x0 0x1a18 0x0 0x1a60 0x0 0x1a98 0x0 0x18a8 0x0 0x1928 0x0 0x1188 0x0 0x1ae0 0x0 0x1a18 0x0 0x1a98 0x0 0x18a8 0x0 0x1140 0x0 0x1928 0x0 0xca0 0x0 0xca0 0x0 0xca0 0x0 0x1b18 0x0 0x18a8 0x0 0x18a8 0x0 0x1b18 0x0 0x1b18 0x1 0x1500 0x0 0x1500 0x0 0x1500 0x0 0x1500 0x0 0x1500 0x0 0x1500 0x0 0x1528 0x0 0x1528 0x0 0x1528 0x0 0x1528 0x0 0x1528 0x0 0x1528 0x0 0x1528 0x0 0x1528 0x1 0xca0 0x0 0x1b50 0x0 0x1b50 0x0 0x1500 0x0 0x1500 0x1 0x1500 0x0 0x1528 0x0 0x1500 0x0 0x1528 0xf 0x1500 0xc 0xca0 0x0 0x1b60 0x0 0x1b88 0xc 0x1bb0 0xf 0x1be8 0x18 0x1c20 0x2 0x1c20 0x2 0x1c20 0x10 0x1c20 0x0 0x1d08 0x0 0x1d40 0x0 0x1d98 0x1 0x1f98 0x0 0x1ae0 0x0 0x1500 0xd 0x2118 0x1 0x1ae0 0x0 0x1500 0x0 0x1500 0x0 0x2230 0x0 0x21f8 0x0 0x1500 0xc 0x1500 0x3300003 0x7f 0x15a0 0x3360002 0x11 0x3390003 0x11 0x1578 0x33f0002 0x2e 0x3420003 0x2e 0x1550 0x3480002 0x0 0x34e0002 0x0 0x3510003 0x0 0x1518 0x3570002 0x0 0x35a0003 0x0 0x14f0 0x3600002 0x0 0x3660002 0x0 0x3690003 0x0 0x14b8 0x3700008 0x20 0x0 0x358 0x1 0x110 0x0 0x170 0x0 0x138 0x0 0x198 0xc 0x1d0 0x0 0x228 0x0 0x358 0x0 0x358 0x0 0x358 0x0 0x358 0x0 0x358 0x0 0x358 0x0 0x2d8 0x0 0x280 0x0 0x330 0x3bf0002 0xd 0x3c20003 0xd 0x1380 0x3c80002 0x0 0x3ce0002 0x0 0x3d10003 0x0 0x1348 0x3d70002 0x0 0x3da0003 0x0 0x1320 0x3e00002 0x0 0x3e60002 0x0 0x3e90003 0x0 0x12e8 0x3f40005 0xc 0x1c7b5cb0 0x29 0x0 0x0 0x3f80002 0x35 0x3fb0003 0x35 0x1290 0x4060005 0x0 0x1c7b5cb0 0x85 0x0 0x0 0x40a0002 0x85 0x40d0003 0x85 0x1238 0x4180005 0x0 0x0 0x0 0x0 0x0 0x41c0002 0x0 0x41f0003 0x0 0x11e0 0x42a0005 0x0 0x0 0x0 0x0 0x0 0x42e0002 0x0 0x4310003 0x0 0x1188 0x43b0002 0x0 0x43e0003 0x0 0x1160 0x4450002 0x0 0x44c0002 0x736 0x44f0002 0x736 0x4520003 0x736 0x1118 0x4570002 0x0 0x45d0002 0x0 0x4630002 0x0 0x4660003 0x0 0x10d0 0x46b0002 0x0 0x4710002 0x0 0x4770002 0x0 0x47a0003 0x0 0x1088 0x47f0002 0x0 0x4830002 0x0 0x48d0007 0x0 0x38 0x0 0x4920003 0x0 0x18 0x49a0002 0x0 0x49d0003 0x0 0x1008 0x4a10002 0x84 0x4aa0002 0x84 0x4ae0007 0x0 0xfd0 0x84 0x4b50002 0x84 0x4be0007 0x0 0x40 0x84 0x4c50007 0x84 0x48 0x0 0x4ce0002 0x0 0x4d10003 0x0 0x68 0x4db0007 0x84 0x40 0x0 0x4e50007 0x0 0x30 0x0 0x4f10002 0x84 0x4f40003 0x84 0xee8 0x4f90002 0x0 0x4fd0002 0x0 0x5060002 0x0 0x50f0002 0x0 0x5130007 0x0 0xe90 0x0 0x51a0002 0x0 0x5230007 0x0 0x40 0x0 0x52a0007 0x0 0x48 0x0 0x5330002 0x0 0x5360003 0x0 0x68 0x5400007 0x0 0x40 0x0 0x54a0007 0x0 0x30 0x0 0x5560002 0x0 0x5590003 0x0 0xda8 0x55e0002 0x13 0x5610003 0x13 0xd80 0x5660002 0x0 0x5690003 0x0 0xd58 0x56e0002 0x323 0x5710003 0x323 0xd30 0x5760002 0x0 0x5790003 0x0 0xd08 0x57d0002 0x4b 0x5850002 0x4b 0x58b0002 0x4b 0x58e0003 0x4b 0xcc0 0x5920002 0x0 0x5980002 0x0 0x5a00002 0x0 0x5a60002 0x0 0x5ac0002 0x0 0x5af0003 0x0 0xc58 0x5b30002 0x0 0x5b90002 0x0 0x5bf0002 0x0 0x5c70002 0x0 0x5cd0002 0x0 0x5d30002 0x0 0x5d90002 0x0 0x5dc0003 0x0 0xbd0 0x5e00002 0x0 0x5e60002 0x0 0x5ee0002 0x0 0x5f40002 0x0 0x5fa0002 0x0 0x6000002 0x0 0x6030003 0x0 0xb58 0x6070002 0x0 0x60d0002 0x0 0x6130002 0x0 0x61b0002 0x0 0x6210002 0x0 0x6270002 0x0 0x62d0002 0x0 0x6330002 0x0 0x6360003 0x0 0xac0 0x63a0002 0x0 0x6400002 0x0 0x6460002 0x0 0x64c0002 0x0 0x6540002 0x0 0x65a0002 0x0 0x6600002 0x0 0x6660002 0x0 0x66c0002 0x0 0x6720002 0x0 0x6750003 0x0 0xa08 0x6790002 0x0 0x67f0002 0x0 0x6870002 0x0 0x68d0002 0x0 0x6900003 0x0 0x9b0 0x6950002 0x0 0x69b0002 0x0 0x69e0003 0x0 0x978 0x6a30002 0x0 0x6a90002 0x0 0x6af0002 0x0 0x6b20003 0x0 0x930 0x6b70002 0x0 0x6bd0002 0x0 0x6c00003 0x0 0x8f8 0x6c50002 0x0 0x6cb0002 0x0 0x6d10002 0x0 0x6d40003 0x0 0x8b0 0x6d90002 0x0 0x6df0002 0x0 0x6e50002 0x0 0x6e80003 0x0 0x868 0x6ef0002 0x0 0x6f20003 0x0 0x840 0x6f70002 0x0 0x6fd0002 0x0 0x7030002 0x0 0x7060003 0x0 0x7f8 0x70b0002 0x0 0x7110002 0x0 0x7140003 0x0 0x7c0 0x7190002 0x0 0x71f0002 0x0 0x7250002 0x0 0x7280003 0x0 0x778 0x72d0002 0x13 0x7330002 0x13 0x7360003 0x13 0x740 0x73b0002 0x0 0x7410002 0x0 0x7440003 0x0 0x708 0x74e0002 0x0 0x7590002 0x3 0x75c0003 0x3 0x6d0 0x7640002 0x0 0x7670003 0x0 0x6a8 0x76c0002 0x167 0x7760002 0x167 0x7790003 0x167 0x670 0x7810002 0x79 0x7850002 0x79 0x7890003 0x79 0x638 0x7910002 0x48d 0x7980007 0x84 0xb0 0x409 0x79c0002 0x409 0x7a50007 0x2af 0x80 0x15a 0x7ad0005 0x2 0x2f70420 0x158 0x0 0x0 0x7b20007 0x115 0x30 0x45 0x7b80002 0x45 0x7c20002 0x48d 0x7c50003 0x48d 0x550 0x7cd0002 0x0 0x7d70002 0x0 0x7da0003 0x0 0x518 0x7e70005 0x0 0x1c7b5cb0 0x27 0x0 0x0 0x7eb0002 0x27 0x7ee0003 0x27 0x4c0 0x7f20002 0x0 0x7f70008 0x12 0x0 0x1e0 0x0 0xa0 0x0 0xc8 0x0 0x168 0x0 0x190 0x0 0xf0 0x0 0x118 0x0 0x140 0x0 0x1b8 0x8280002 0x0 0x82b0003 0x0 0x3e8 0x8320002 0x0 0x8350003 0x0 0x3c0 0x83c0002 0x0 0x83f0003 0x0 0x398 0x8460002 0x0 0x8490003 0x0 0x370 0x8500002 0x0 0x8530003 0x0 0x348 0x85a0002 0x0 0x85d0003 0x0 0x320 0x8640002 0x0 0x8670003 0x0 0x2f8 0x86e0002 0x0 0x8710003 0x0 0x2d0 0x8780002 0x0 0x8830002 0x13 0x88a0005 0x1 0x2f70420 0x12 0x0 0x0 0x88f0007 0x13 0xe8 0x0 0x8990002 0x0 0x89e0005 0x0 0x0 0x0 0x0 0x0 0x8a30005 0x0 0x0 0x0 0x0 0x0 0x8a60005 0x0 0x0 0x0 0x0 0x0 0x8a90002 0x0 0x8ac0003 0x0 0x198 0x8b70005 0x1 0x1c7b5cb0 0x12 0x0 0x0 0x8bb0002 0x13 0x8be0003 0x13 0x140 0x8c80002 0xb5 0x8cf0005 0xd 0x2f70420 0xa8 0x0 0x0 0x8d40007 0xa2 0x48 0x13 0x8dc0002 0x13 0x8df0003 0x13 0xb8 0x8e90005 0xc 0x1c7b5cb0 0x96 0x0 0x0 0x8ed0002 0xa2 0x8f00003 0xa2 0x60 0x8f50002 0x0 0x8ff0002 0x0 0x9020003 0x0 0x28 0x9090002 0x0 oops 8 496 org/objectweb/asm/SymbolTable 507 org/objectweb/asm/SymbolTable 914 java/lang/String 938 org/objectweb/asm/SymbolTable 1015 java/lang/String 1050 org/objectweb/asm/SymbolTable 1063 java/lang/String 1078 org/objectweb/asm/SymbolTable
ciMethodData org/objectweb/asm/Symbol <init> (IILjava/lang/String;Ljava/lang/String;Ljava/lang/String;J)V 2 6782 orig 264 88 29 63 83 0 0 0 0 120 5 162 29 0 0 0 0 104 1 0 0 0 0 0 0 0 0 0 0 0 0 0 0 0 0 0 0 0 0 0 0 0 0 0 0 0 0 0 0 0 0 0 0 0 0 0 0 0 0 0 0 0 0 0 0 0 0 0 0 0 0 0 0 0 0 0 0 0 0 0 0 77 68 79 32 101 120 116 114 97 32 100 97 116 97 32 108 111 99 107 0 0 0 0 0 0 0 0 0 0 0 0 0 0 0 0 0 0 0 0 0 0 0 0 0 0 0 0 0 0 0 0 0 0 0 0 0 0 0 0 0 0 0 0 0 0 0 0 0 0 0 0 0 0 0 0 0 0 0 0 0 0 0 0 0 0 0 0 0 0 0 0 0 0 0 0 0 0 0 0 0 0 0 0 0 0 0 0 0 0 0 0 0 0 0 0 0 0 0 0 0 0 0 0 0 0 0 0 0 0 0 0 0 0 0 0 0 0 2 0 0 241 195 0 0 1 0 0 0 0 0 0 0 0 0 0 0 2 0 0 0 0 0 3 0 2 0 0 0 16 0 0 0 255 255 255 255 2 0 1 0 0 0 0 0 data 2 0x10002 0x187e oops 0
ciMethodData org/objectweb/asm/Frame push (I)V 2 4631 orig 264 88 29 63 83 0 0 0 0 120 108 162 29 0 0 0 0 208 1 0 0 80 0 0 0 0 0 0 0 0 0 0 0 0 0 0 0 0 0 0 0 0 0 0 0 0 0 0 0 0 0 0 0 0 0 0 0 0 0 0 0 0 0 0 0 0 0 0 0 0 0 0 0 0 0 0 0 0 0 0 0 77 68 79 32 101 120 116 114 97 32 100 97 116 97 32 108 111 99 107 0 0 0 0 0 0 0 0 0 0 0 0 0 0 0 0 0 0 0 0 0 0 0 0 0 0 0 0 0 0 0 0 0 0 0 0 0 0 0 0 0 0 0 0 0 0 0 0 0 0 0 0 0 0 0 0 0 0 0 0 0 0 0 0 0 0 0 0 0 0 0 0 0 0 0 0 0 0 0 0 0 0 0 0 0 0 0 0 0 0 0 0 0 0 0 0 0 0 0 0 0 0 0 0 0 0 0 0 0 0 0 0 0 0 0 0 0 156 1 0 0 177 131 0 0 1 0 0 0 0 0 0 0 0 0 0 0 2 0 0 0 0 0 12 0 2 0 0 0 128 0 0 0 255 255 255 255 7 0 4 0 0 0 0 0 data 16 0x40007 0xc44 0x20 0x432 0x1a0007 0x1070 0x40 0x6 0x260002 0x6 0x340002 0x6 0x610007 0x807 0x20 0x86f oops 0
ciMethodData org/objectweb/asm/SymbolTable addType (Ljava/lang/String;)I 2 2970 orig 264 88 29 63 83 0 0 0 0 56 244 161 29 0 0 0 0 88 2 0 0 16 0 0 0 0 0 0 0 0 0 0 0 0 0 0 0 0 0 0 0 0 0 0 0 0 0 0 0 0 0 0 0 0 0 0 0 0 0 0 0 0 0 0 0 0 0 0 0 0 0 0 0 0 0 0 0 0 0 0 0 77 68 79 32 101 120 116 114 97 32 100 97 116 97 32 108 111 99 107 0 0 0 0 0 0 0 0 0 0 0 0 0 0 0 0 0 0 0 0 0 0 0 0 0 0 0 0 0 0 0 0 0 0 0 0 0 0 0 0 0 0 0 0 0 0 0 0 0 0 0 0 0 0 0 0 0 0 0 0 0 0 0 0 0 0 0 0 0 0 0 0 0 0 0 0 0 0 0 0 0 0 0 0 0 0 0 0 0 0 0 0 0 0 0 0 0 0 0 0 0 0 0 0 0 0 0 0 0 0 0 0 0 0 0 0 0 0 1 0 0 209 84 0 0 97 16 0 0 0 0 0 0 0 0 0 0 2 0 0 0 1 0 13 0 2 0 0 0 8 1 0 0 255 255 255 255 2 0 4 0 0 0 0 0 data 33 0x40002 0xa9a 0xa0002 0xa9a 0xf0007 0x214 0xc8 0xa92 0x190007 0x1e8 0x90 0x8aa 0x210007 0x24 0x70 0x886 0x290005 0x80 0x2f70420 0x806 0x0 0x0 0x2c0007 0x0 0x20 0x886 0x390003 0x20c 0xffffffffffffff50 0x4a0002 0x214 0x4d0002 0x214 oops 1 18 java/lang/String
ciMethodData org/objectweb/asm/Frame push (Lorg/objectweb/asm/SymbolTable;Ljava/lang/String;)V 2 1824 orig 264 88 29 63 83 0 0 0 0 136 109 162 29 0 0 0 0 128 2 0 0 248 0 0 0 0 0 0 0 0 0 0 0 0 0 0 0 0 0 0 0 0 0 0 0 0 0 0 0 0 0 0 0 0 0 0 0 0 0 0 0 0 0 0 0 0 0 0 0 0 0 0 0 0 0 0 0 0 0 0 0 77 68 79 32 101 120 116 114 97 32 100 97 116 97 32 108 111 99 107 0 0 0 0 0 0 0 0 0 0 0 0 0 0 0 0 0 0 0 0 0 0 0 0 0 0 0 0 0 0 0 0 0 0 0 0 0 0 0 0 0 0 0 0 0 0 0 0 0 0 0 0 0 0 0 0 0 0 0 0 0 0 0 0 0 0 0 0 0 0 0 0 0 0 0 0 0 0 0 0 0 0 0 0 0 0 0 0 0 0 0 0 0 0 0 0 0 0 0 0 0 0 0 0 0 0 0 0 0 0 0 0 0 0 0 0 0 168 0 0 0 193 51 0 0 1 0 0 0 0 0 0 0 0 0 0 0 2 0 0 0 0 0 18 0 2 0 0 0 40 1 0 0 255 255 255 255 5 0 2 0 0 0 0 0 data 37 0x20005 0x87 0x2f70420 0x5f1 0x0 0x0 0x70007 0x19a 0x68 0x4de 0xd0005 0x64 0x2f70420 0x47a 0x0 0x0 0x120003 0x4de 0x18 0x1a0002 0x678 0x210007 0x8b 0x80 0x5ed 0x270002 0x5ed 0x2e0007 0x0 0x40 0x5ed 0x350007 0x5ed 0x30 0x0 0x3b0002 0x0 oops 2 2 java/lang/String 12 java/lang/String
ciMethodData org/objectweb/asm/Frame getLocal (I)I 2 2355 orig 264 88 29 63 83 0 0 0 0 24 106 162 29 0 0 0 0 136 1 0 0 32 0 0 0 0 0 0 0 0 0 0 0 0 0 0 0 0 0 0 0 0 0 0 0 0 0 0 0 0 0 0 0 0 0 0 0 0 0 0 0 0 0 0 0 0 0 0 0 0 0 0 0 0 0 0 0 0 0 0 0 77 68 79 32 101 120 116 114 97 32 100 97 116 97 32 108 111 99 107 0 0 0 0 0 0 0 0 0 0 0 0 0 0 0 0 0 0 0 0 0 0 0 0 0 0 0 0 0 0 0 0 0 0 0 0 0 0 0 0 0 0 0 0 0 0 0 0 0 0 0 0 0 0 0 0 0 0 0 0 0 0 0 0 0 0 0 0 0 0 0 0 0 0 0 0 0 0 0 0 0 0 0 0 0 0 0 0 0 0 0 0 0 0 0 0 0 0 0 0 0 0 0 0 0 0 0 0 0 0 0 0 0 0 0 0 0 202 0 0 0 73 67 0 0 1 0 0 0 0 0 0 0 0 0 0 0 2 0 0 0 0 0 11 0 2 0 0 0 96 0 0 0 255 255 255 255 7 0 4 0 0 0 0 0 data 12 0x40007 0x6e3 0x40 0x186 0xd0007 0x186 0x20 0x0 0x1d0007 0xea 0x20 0x9c oops 0
ciMethodData org/objectweb/asm/Frame pop (I)V 2 2875 orig 264 88 29 63 83 0 0 0 0 40 111 162 29 0 0 0 0 96 1 0 0 0 0 0 0 0 0 0 0 0 0 0 0 0 0 0 0 0 0 0 0 0 0 0 0 0 0 0 0 0 0 0 0 0 0 0 0 0 0 0 0 0 0 0 0 0 0 0 0 0 0 0 0 0 0 0 0 0 0 0 0 77 68 79 32 101 120 116 114 97 32 100 97 116 97 32 108 111 99 107 0 0 0 0 0 0 0 0 0 0 0 0 0 0 0 0 0 0 0 0 0 0 0 0 0 0 0 0 0 0 0 0 0 0 0 0 0 0 0 0 0 0 0 0 0 0 0 0 0 0 0 0 0 0 0 0 0 0 0 0 0 0 0 0 0 0 0 0 0 0 0 0 0 0 0 0 0 0 0 0 0 0 0 0 0 0 0 0 0 0 0 0 0 0 0 0 0 0 0 0 0 0 0 0 0 0 0 0 0 0 0 0 0 0 0 0 0 16 1 0 0 89 81 0 0 1 0 0 0 0 0 0 0 0 0 0 0 2 0 0 0 0 0 6 0 2 0 0 0 56 0 0 0 255 255 255 255 7 0 5 0 0 0 0 0 data 7 0x50007 0x24 0x38 0xa07 0x130003 0xa07 0x18 oops 0
ciMethodData org/objectweb/asm/Frame pop ()I 2 1871 orig 264 88 29 63 83 0 0 0 0 80 110 162 29 0 0 0 0 64 1 0 0 0 0 0 0 0 0 0 0 0 0 0 0 0 0 0 0 0 0 0 0 0 0 0 0 0 0 0 0 0 0 0 0 0 0 0 0 0 0 0 0 0 0 0 0 0 0 0 0 0 0 0 0 0 0 0 0 0 0 0 0 77 68 79 32 101 120 116 114 97 32 100 97 116 97 32 108 111 99 107 0 0 0 0 0 0 0 0 0 0 0 0 0 0 0 0 0 0 0 0 0 0 0 0 0 0 0 0 0 0 0 0 0 0 0 0 0 0 0 0 0 0 0 0 0 0 0 0 0 0 0 0 0 0 0 0 0 0 0 0 0 0 0 0 0 0 0 0 0 0 0 0 0 0 0 0 0 0 0 0 0 0 0 0 0 0 0 0 0 0 0 0 0 0 0 0 0 0 0 0 0 0 0 0 0 0 0 0 0 0 0 0 0 0 0 0 0 177 0 0 0 241 52 0 0 1 0 0 0 0 0 0 0 0 0 0 0 2 0 0 0 0 0 5 0 2 0 0 0 32 0 0 0 255 255 255 255 7 0 4 0 0 0 0 0 data 4 0x40007 0x13 0x20 0x68b oops 0
ciMethodData org/objectweb/asm/Frame setLocal (II)V 1 336 orig 264 88 29 63 83 0 0 0 0 48 107 162 29 0 0 0 0 184 1 0 0 0 0 0 0 0 0 0 0 0 0 0 0 0 0 0 0 0 0 0 0 0 0 0 0 0 0 0 0 0 0 0 0 0 0 0 0 0 0 0 0 0 0 0 0 0 0 0 0 0 0 0 0 0 0 0 0 0 0 0 0 77 68 79 32 101 120 116 114 97 32 100 97 116 97 32 108 111 99 107 0 0 0 0 0 0 0 0 0 0 0 0 0 0 0 0 0 0 0 0 0 0 0 0 0 0 0 0 0 0 0 0 0 0 0 0 0 0 0 0 0 0 0 0 0 0 0 0 0 0 0 0 0 0 0 0 0 0 0 0 0 0 0 0 0 0 0 0 0 0 0 0 0 0 0 0 0 0 0 0 0 0 0 0 0 0 0 0 0 0 0 0 0 0 0 0 0 0 0 0 0 0 0 0 0 0 0 0 0 0 0 0 0 0 0 0 0 24 0 0 0 193 9 0 0 1 0 0 0 0 0 0 0 0 0 0 0 2 0 0 0 0 0 13 0 2 0 0 0 96 0 0 0 255 255 255 255 7 0 4 0 0 0 0 0 data 12 0x40007 0x9c 0x20 0x9c 0x170007 0x138 0x40 0x0 0x200002 0x0 0x300002 0x0 oops 0
ciMethodData org/objectweb/asm/Frame pop (Ljava/lang/String;)V 2 1519 orig 264 88 29 63 83 0 0 0 0 24 112 162 29 0 0 0 0 80 2 0 0 216 0 0 0 0 0 0 0 0 0 0 0 0 0 0 0 0 0 0 0 0 0 0 0 0 0 0 0 0 0 0 0 0 0 0 0 0 0 0 0 0 0 0 0 0 0 0 0 0 0 0 0 0 0 0 0 0 0 0 0 77 68 79 32 101 120 116 114 97 32 100 97 116 97 32 108 111 99 107 0 0 0 0 0 0 0 0 0 0 0 0 0 0 0 0 0 0 0 0 0 0 0 0 0 0 0 0 0 0 0 0 0 0 0 0 0 0 0 0 0 0 0 0 0 0 0 0 0 0 0 0 0 0 0 0 0 0 0 0 0 0 0 0 0 0 0 0 0 0 0 0 0 0 0 0 0 0 0 0 0 0 0 0 0 0 0 0 0 0 0 0 0 0 0 0 0 0 0 0 0 0 0 0 0 0 0 0 0 0 0 0 0 0 0 0 0 150 0 0 0 201 42 0 0 1 0 0 0 0 0 0 0 0 0 0 0 2 0 0 0 0 0 15 0 2 0 0 0 0 1 0 0 255 255 255 255 5 0 2 0 0 0 0 0 data 32 0x20005 0xad 0x2f70420 0x4ac 0x0 0x0 0x90007 0x86 0x58 0x4d3 0xe0002 0x4d3 0x150002 0x4d3 0x180003 0x4d3 0x90 0x1e0007 0x0 0x40 0x86 0x240007 0x86 0x48 0x0 0x290002 0x0 0x2c0003 0x0 0x28 0x310002 0x86 oops 1 2 java/lang/String
ciMethodData org/objectweb/asm/Frame addInitializedType (I)V 1 76 orig 264 88 29 63 83 0 0 0 0 48 113 162 29 0 0 0 0 176 1 0 0 0 0 0 0 0 0 0 0 0 0 0 0 0 0 0 0 0 0 0 0 0 0 0 0 0 0 0 0 0 0 0 0 0 0 0 0 0 0 0 0 0 0 0 0 0 0 0 0 0 0 0 0 0 0 0 0 0 0 0 0 77 68 79 32 101 120 116 114 97 32 100 97 116 97 32 108 111 99 107 0 0 0 0 0 0 0 0 0 0 0 0 0 0 0 0 0 0 0 0 0 0 0 0 0 0 0 0 0 0 0 0 0 0 0 0 0 0 0 0 0 0 0 0 0 0 0 0 0 0 0 0 0 0 0 0 0 0 0 0 0 0 0 0 0 0 0 0 0 0 0 0 0 0 0 0 0 0 0 0 0 0 0 0 0 0 0 0 0 0 0 0 0 0 0 0 0 0 0 0 0 0 0 0 0 0 0 0 0 0 0 0 0 0 0 0 0 5 0 0 0 57 2 0 0 1 0 0 0 0 0 0 0 0 0 0 0 2 0 0 0 0 0 0 0 0 0 0 0 96 0 0 0 255 255 255 255 7 0 4 0 0 0 0 0 data 12 0x40007 0x0 0x20 0x47 0x190007 0x47 0x40 0x0 0x250002 0x0 0x330002 0x0 oops 0
ciMethodData org/objectweb/asm/SymbolTable addUninitializedType (Ljava/lang/String;I)I 1 44 orig 264 88 29 63 83 0 0 0 0 120 245 161 29 0 0 0 0 128 2 0 0 16 0 0 0 0 0 0 0 0 0 0 0 0 0 0 0 0 0 0 0 0 0 0 0 0 0 0 0 0 0 0 0 0 0 0 0 0 0 0 0 0 0 0 0 0 0 0 0 0 0 0 0 0 0 0 0 0 0 0 0 77 68 79 32 101 120 116 114 97 32 100 97 116 97 32 108 111 99 107 0 0 0 0 0 0 0 0 0 0 0 0 0 0 0 0 0 0 0 0 0 0 0 0 0 0 0 0 0 0 0 0 0 0 0 0 0 0 0 0 0 0 0 0 0 0 0 0 0 0 0 0 0 0 0 0 0 0 0 0 0 0 0 0 0 0 0 0 0 0 0 0 0 0 0 0 0 0 0 0 0 0 0 0 0 0 0 0 0 0 0 0 0 0 0 0 0 0 0 0 0 0 0 0 0 0 0 0 0 0 0 0 0 0 0 0 0 4 0 0 0 65 1 0 0 97 0 0 0 0 0 0 0 0 0 0 0 2 0 0 0 0 0 0 0 0 0 0 0 40 1 0 0 255 255 255 255 2 0 5 0 0 0 0 0 data 37 0x50002 0x28 0xb0002 0x28 0x120007 0x28 0xe8 0xc 0x1d0007 0xc 0xb0 0x0 0x260007 0x0 0x90 0x0 0x310007 0x0 0x70 0x0 0x3a0005 0x0 0x0 0x0 0x0 0x0 0x3d0007 0x0 0x20 0x0 0x4d0003 0xc 0xffffffffffffff30 0x600002 0x28 0x630002 0x28 oops 0
ciMethodData org/objectweb/asm/SymbolTable$Entry <init> (IILjava/lang/String;I)V 2 4176 orig 264 88 29 63 83 0 0 0 0 24 10 162 29 0 0 0 0 80 1 0 0 0 0 0 0 0 0 0 0 0 0 0 0 0 0 0 0 0 0 0 0 0 0 0 0 0 0 0 0 0 0 0 0 0 0 0 0 0 0 0 0 0 0 0 0 0 0 0 0 0 0 0 0 0 0 0 0 0 0 0 0 77 68 79 32 101 120 116 114 97 32 100 97 116 97 32 108 111 99 107 0 0 0 0 0 0 0 0 0 0 0 0 0 0 0 0 0 0 0 0 0 0 0 0 0 0 0 0 0 0 0 0 0 0 0 0 0 0 0 0 0 0 0 0 0 0 0 0 0 0 0 0 0 0 0 0 0 0 0 0 0 0 0 0 0 0 0 0 0 0 0 0 0 0 0 0 0 0 0 0 0 0 0 0 0 0 0 0 0 0 0 0 0 0 0 0 0 0 0 0 0 0 0 0 0 0 0 0 0 0 0 0 0 0 0 0 0 197 1 0 0 89 116 0 0 1 0 0 0 0 0 0 0 0 0 0 0 2 0 0 0 0 0 3 0 2 0 0 0 16 0 0 0 255 255 255 255 2 0 7 0 0 0 0 0 data 2 0x70002 0xe8b oops 0
ciMethodData org/objectweb/asm/SymbolTable addTypeInternal (Lorg/objectweb/asm/SymbolTable$Entry;)I 1 619 orig 264 88 29 63 83 0 0 0 0 40 248 161 29 0 0 0 0 224 1 0 0 64 0 0 0 0 0 0 0 0 0 0 0 0 0 0 0 0 0 0 0 0 0 0 0 0 0 0 0 0 0 0 0 0 0 0 0 0 0 0 0 0 0 0 0 0 0 0 0 0 0 0 0 0 0 0 0 0 0 0 0 77 68 79 32 101 120 116 114 97 32 100 97 116 97 32 108 111 99 107 0 0 0 0 0 0 0 0 0 0 0 0 0 0 0 0 0 0 0 0 0 0 0 0 0 0 0 0 0 0 0 0 0 0 0 0 0 0 0 0 0 0 0 0 0 0 0 0 0 0 0 0 0 0 0 0 0 0 0 0 0 0 0 0 0 0 0 0 0 0 0 0 0 0 0 0 0 0 0 0 0 0 0 0 0 0 0 0 0 0 0 0 0 0 0 0 0 0 0 0 0 0 0 0 0 0 0 0 0 0 0 0 0 0 0 0 0 81 0 0 0 209 16 0 0 1 0 0 0 0 0 0 0 0 0 0 0 2 0 0 0 0 0 9 0 2 0 0 0 144 0 0 0 255 255 255 255 7 0 4 0 0 0 0 0 data 18 0x40007 0x202 0x20 0x18 0x190007 0x202 0x30 0x18 0x330002 0x18 0x4b0004 0x0 0x1c7b8df0 0x21a 0x0 0x0 0x4e0002 0x21a oops 1 12 org/objectweb/asm/SymbolTable$Entry
ciMethodData org/objectweb/asm/Frame getAbstractTypeFromDescriptor (Lorg/objectweb/asm/SymbolTable;Ljava/lang/String;I)I 2 2256 orig 264 88 29 63 83 0 0 0 0 168 100 162 29 0 0 0 0 168 7 0 0 48 6 0 0 0 0 0 0 0 0 0 0 0 0 0 0 0 0 0 0 0 0 0 0 0 0 0 0 0 0 0 0 0 0 0 0 0 0 0 0 0 0 0 0 0 0 0 0 0 0 0 0 0 0 0 0 0 0 0 0 77 68 79 32 101 120 116 114 97 32 100 97 116 97 32 108 111 99 107 0 0 0 0 0 0 0 0 0 0 0 0 0 0 0 0 0 0 0 0 0 0 0 0 0 0 0 0 0 0 0 0 0 0 0 0 0 0 0 0 0 0 0 0 0 0 0 0 0 0 0 0 0 0 0 0 0 0 0 0 0 0 0 0 0 0 0 0 0 0 0 0 0 0 0 0 0 0 0 0 0 0 0 0 0 0 0 0 0 0 0 0 0 0 0 0 0 0 0 0 0 0 0 0 0 0 0 0 0 0 0 0 0 0 0 0 0 100 1 0 0 97 59 0 0 1 0 0 0 0 0 0 0 0 0 0 0 2 0 0 0 1 0 46 0 2 0 0 0 80 6 0 0 255 255 255 255 5 0 2 0 0 0 0 0 data 202 0x20005 0x112 0x2f70420 0x65a 0x0 0x0 0x50008 0x36 0x0 0x610 0x0 0x1c0 0x0 0x1c0 0x0 0x1c0 0x0 0x610 0x0 0x1c0 0x0 0x610 0x0 0x610 0x0 0x1c0 0x0 0x1c0 0x0 0x610 0xe4 0x1c0 0x0 0x610 0x0 0x610 0x0 0x610 0x0 0x610 0x0 0x610 0x0 0x610 0x0 0x1c0 0x0 0x610 0x0 0x610 0x13 0x1c0 0x0 0x610 0x0 0x610 0x0 0x610 0x18 0x1c0 0x3 0x250 0x8f0005 0xe4 0x2f70420 0x53b 0x0 0x0 0x940005 0xe4 0x2f70420 0x53b 0x0 0x0 0x9c0005 0xe4 0x1c7b5cb0 0x53b 0x0 0x0 0xa90005 0x3 0x2f70420 0xf 0x0 0x0 0xae0007 0x12 0x38 0x0 0xb40003 0x0 0xffffffffffffffb0 0xba0005 0x3 0x2f70420 0xf 0x0 0x0 0xbd0008 0x34 0x0 0x318 0x0 0x1e0 0x0 0x1c8 0x0 0x258 0x0 0x318 0x0 0x228 0x0 0x318 0x0 0x318 0x0 0x210 0x0 0x240 0x0 0x318 0x3 0x270 0x0 0x318 0x0 0x318 0x0 0x318 0x0 0x318 0x0 0x318 0x0 0x318 0x0 0x1f8 0x0 0x318 0x0 0x318 0x0 0x318 0x0 0x318 0x0 0x318 0x0 0x318 0x0 0x1b0 0x1340003 0x0 0x178 0x13b0003 0x0 0x160 0x1420003 0x0 0x148 0x1490003 0x0 0x130 0x1500003 0x0 0x118 0x1570003 0x0 0x100 0x15e0003 0x0 0xe8 0x1650003 0x0 0xd0 0x16e0005 0x3 0x2f70420 0xf 0x0 0x0 0x1730005 0x3 0x2f70420 0xf 0x0 0x0 0x17b0005 0x3 0x1c7b5cb0 0xf 0x0 0x0 0x1810003 0x12 0x28 0x1880002 0x0 0x19b0002 0x0 oops 9 2 java/lang/String 64 java/lang/String 70 java/lang/String 76 org/objectweb/asm/SymbolTable 82 java/lang/String 95 java/lang/String 179 java/lang/String 185 java/lang/String 191 org/objectweb/asm/SymbolTable
ciMethodData org/objectweb/asm/Type getArgumentsAndReturnSizes (Ljava/lang/String;)I 2 2144 orig 264 88 29 63 83 0 0 0 0 168 64 141 22 0 0 0 0 200 3 0 0 72 2 0 0 0 0 0 0 0 0 0 0 0 0 0 0 0 0 0 0 0 0 0 0 0 0 0 0 0 0 0 0 0 0 0 0 0 0 0 0 0 0 0 0 0 0 0 0 0 0 0 0 0 0 0 0 0 0 0 0 77 68 79 32 101 120 116 114 97 32 100 97 116 97 32 108 111 99 107 0 0 0 0 0 0 0 0 0 0 0 0 0 0 0 0 0 0 0 0 0 0 0 0 0 0 0 0 0 0 0 0 0 0 0 0 0 0 0 0 0 0 0 0 0 0 0 0 0 0 0 0 0 0 0 0 0 0 0 0 0 0 0 0 0 0 0 0 0 0 0 0 0 0 0 0 0 0 0 0 0 0 0 0 0 0 0 0 0 0 0 0 0 0 0 0 0 0 0 0 0 0 0 0 0 0 0 0 0 0 0 0 0 0 0 0 0 144 1 0 0 129 54 0 0 25 49 0 0 0 0 0 0 0 0 0 0 2 0 0 0 2 0 54 0 2 0 0 0 128 2 0 0 255 255 255 255 5 0 6 0 0 0 0 0 data 80 0x60005 0x8 0x2f70420 0x6c8 0x0 0x0 0xd0007 0x6d0 0x1a8 0x5ff 0x130007 0x0 0x40 0x5ff 0x190007 0x5ff 0x38 0x0 0x220003 0x0 0x100 0x270005 0xf 0x2f70420 0x614 0x0 0x0 0x2c0007 0x5ff 0x38 0x24 0x320003 0x24 0xffffffffffffffb0 0x3a0005 0xd 0x2f70420 0x5f2 0x0 0x0 0x3f0007 0xb0 0x50 0x54f 0x460005 0xd 0x2f70420 0x542 0x0 0x0 0x510005 0xd 0x2f70420 0x5f2 0x0 0x0 0x550003 0x5ff 0xfffffffffffffe70 0x5c0005 0x8 0x2f70420 0x6c8 0x0 0x0 0x630007 0x5e6 0x20 0xea 0x6d0007 0x0 0x40 0x5e6 0x730007 0x5e6 0x38 0x0 0x770003 0x0 0x18 oops 6 2 java/lang/String 23 java/lang/String 36 java/lang/String 46 java/lang/String 52 java/lang/String 61 java/lang/String
instanceKlass org/gradle/vcs/VcsMappings
instanceKlass org/gradle/vcs/internal/services/VersionControlServices$VersionControlSettingsServices
instanceKlass org/gradle/plugin/internal/PluginUsePluginServiceRegistry$SettingsScopeServices
instanceKlass org/gradle/internal/service/scopes/SettingsScopeServices$1
instanceKlass org/gradle/initialization/IncludedBuildSpec
instanceKlass org/gradle/initialization/ProjectDescriptorRegistry
instanceKlass org/gradle/initialization/DefaultProjectDescriptor
instanceKlass org/gradle/initialization/BuildOperationSettingsProcessor$2$1
instanceKlass org/gradle/initialization/EvaluateSettingsBuildOperationType$Details
instanceKlass org/gradle/initialization/BuildOperationSettingsProcessor$2
instanceKlass org/codehaus/groovy/runtime/metaclass/DefaultMetaClassInfo$ConstantMetaClassVersioning
instanceKlass org/codehaus/groovy/runtime/metaclass/DefaultMetaClassInfo
instanceKlass java/lang/reflect/Proxy$KeyX
instanceKlass org/gradle/configuration/internal/DefaultListenerBuildOperationDecorator$BuildOperationEmittingInvocationHandler
instanceKlass org/apache/commons/lang/ClassUtils
instanceKlass org/jetbrains/kotlin/gradle/KotlinCommonizerModelBuilder$Companion
instanceKlass org/jetbrains/kotlin/gradle/KotlinMPPGradleModelBuilder$Companion
instanceKlass org/jetbrains/kotlin/gradle/KotlinMPPGradleModelBuilder
instanceKlass kotlin/collections/MapsKt__MapWithDefaultKt
instanceKlass kotlin/TuplesKt
instanceKlass kotlin/Pair
instanceKlass kotlin/collections/ArraysUtilJVM
instanceKlass kotlin/collections/ArraysKt__ArraysJVMKt
instanceKlass kotlin/collections/CollectionsKt__CollectionsJVMKt
instanceKlass org/jetbrains/kotlin/gradle/AbstractKotlinGradleModelBuilder$Companion
instanceKlass org/jetbrains/kotlin/gradle/AbstractKotlinGradleModelBuilder
instanceKlass org/jetbrains/plugins/gradle/model/MavenRepositoryModel
instanceKlass org/jetbrains/plugins/gradle/model/RepositoriesModel
instanceKlass org/jetbrains/plugins/gradle/tooling/builder/MavenRepositoriesModelBuilder
instanceKlass org/jetbrains/plugins/gradle/tooling/builder/IntelliJProjectSettingsBuilder
instanceKlass org/jetbrains/plugins/gradle/tooling/builder/IntelliJSettingsBuilder
instanceKlass org/jetbrains/plugins/gradle/tooling/builder/ProjectExtensionsDataBuilderImpl
instanceKlass org/gradle/api/internal/AbstractTask$TaskInfo
instanceKlass org/gradle/api/specs/CompositeSpec
instanceKlass org/gradle/api/internal/tasks/TaskMutator
instanceKlass org/gradle/api/internal/project/taskfactory/TaskIdentity
instanceKlass org/gradle/api/internal/tasks/TaskStateInternal
instanceKlass org/gradle/api/internal/tasks/testing/junit/result/TestOutputStore
instanceKlass org/gradle/api/tasks/testing/TestTaskReports
instanceKlass org/gradle/api/tasks/testing/logging/TestLoggingContainer
instanceKlass org/gradle/api/tasks/testing/logging/TestLogging
instanceKlass org/gradle/api/internal/tasks/testing/TestExecuter
instanceKlass org/gradle/api/internal/tasks/testing/TestExecutionSpec
instanceKlass org/gradle/api/internal/tasks/testing/report/TestReporter
instanceKlass org/gradle/api/internal/tasks/testing/junit/result/TestResultsProvider
instanceKlass org/gradle/api/internal/tasks/testing/TestResultProcessor
instanceKlass org/gradle/api/tasks/testing/TestOutputListener
instanceKlass org/gradle/api/tasks/testing/TestListener
instanceKlass org/gradle/api/internal/tasks/testing/logging/TestExceptionFormatter
instanceKlass org/gradle/api/reporting/DirectoryReport
instanceKlass org/gradle/api/reporting/ConfigurableReport
instanceKlass org/gradle/api/reporting/Report
instanceKlass org/gradle/api/tasks/testing/TestFilter
instanceKlass org/gradle/api/reporting/ReportContainer
instanceKlass org/gradle/logging/LoggingManagerInternal
instanceKlass org/gradle/logging/StandardOutputCapture
instanceKlass org/gradle/api/internal/tasks/InputChangesAwareTaskAction
instanceKlass org/gradle/api/internal/tasks/ImplementationAwareTaskAction
instanceKlass org/gradle/api/tasks/TaskState
instanceKlass groovy/util/ObservableList
instanceKlass org/gradle/api/internal/tasks/TaskLocalStateInternal
instanceKlass org/gradle/api/tasks/TaskLocalState
instanceKlass org/gradle/api/tasks/TaskDestroyables
instanceKlass org/gradle/api/internal/TaskOutputsInternal
instanceKlass org/gradle/api/internal/TaskInputsInternal
instanceKlass org/gradle/api/tasks/TaskInputs
instanceKlass org/gradle/api/tasks/CompatibilityAdapterForTaskInputs
instanceKlass org/gradle/api/reporting/Reporting
instanceKlass org/gradle/api/tasks/VerificationTask
instanceKlass org/jetbrains/plugins/gradle/tooling/builder/ExternalTestsModelBuilderImpl
instanceKlass com/intellij/openapi/externalSystem/model/project/dependencies/ComponentDependencies
instanceKlass org/jetbrains/plugins/gradle/tooling/builder/DependencyGraphModelBuilderImpl
instanceKlass org/jetbrains/plugins/gradle/model/DefaultExternalTask
instanceKlass org/jetbrains/plugins/gradle/model/ExternalTask
instanceKlass org/jetbrains/plugins/gradle/model/DefaultExternalProject
instanceKlass org/jetbrains/plugins/gradle/model/ExternalProjectPreview
instanceKlass org/jetbrains/plugins/gradle/tooling/builder/TasksFactory
instanceKlass org/jetbrains/plugins/gradle/model/ExternalSourceSet
instanceKlass org/jetbrains/plugins/gradle/model/ExternalProject
instanceKlass org/gradle/tooling/model/Model
instanceKlass org/jetbrains/plugins/gradle/tooling/builder/ExternalProjectBuilderImpl$1
instanceKlass org/jetbrains/plugins/gradle/tooling/internal/scala/ScalaCompileOptionsImpl
instanceKlass org/jetbrains/plugins/gradle/model/scala/ScalaCompileOptions
instanceKlass org/jetbrains/plugins/gradle/tooling/internal/scala/ScalaForkOptionsImpl
instanceKlass org/jetbrains/plugins/gradle/model/scala/ScalaForkOptions
instanceKlass org/gradle/api/tasks/compile/AbstractOptions
instanceKlass org/jetbrains/plugins/gradle/model/scala/ScalaModel
instanceKlass org/jetbrains/plugins/gradle/tooling/builder/ScalaModelBuilderImpl
instanceKlass org/jetbrains/plugins/gradle/model/ClasspathEntryModel
instanceKlass org/jetbrains/plugins/gradle/model/ear/EarConfiguration$EarResource
instanceKlass org/gradle/api/java/archives/Manifest
instanceKlass org/jetbrains/plugins/gradle/tooling/ModelBuilderContext$DataProvider
instanceKlass org/jetbrains/plugins/gradle/tooling/util/SourceSetCachedFinder
instanceKlass org/jetbrains/plugins/gradle/tooling/builder/CopySpecWalker$Visitor
instanceKlass org/codehaus/groovy/runtime/callsite/CallSiteArray$1
instanceKlass org/jetbrains/plugins/gradle/tooling/builder/WarModelBuilderImpl
instanceKlass org/jetbrains/plugins/gradle/tooling/AbstractModelBuilderService
instanceKlass org/jetbrains/kotlin/android/synthetic/idea/AndroidExtensionsModelBuilderService
instanceKlass org/gradle/internal/impldep/com/google/common/collect/PeekingIterator
instanceKlass org/gradle/internal/impldep/com/google/common/collect/UnmodifiableIterator
instanceKlass org/gradle/internal/impldep/com/google/common/collect/Iterators
instanceKlass org/gradle/internal/impldep/com/google/common/base/Preconditions
instanceKlass org/gradle/internal/impldep/com/google/common/collect/Lists
instanceKlass org/jetbrains/plugins/gradle/tooling/ErrorMessageBuilder
instanceKlass org/jetbrains/plugins/gradle/tooling/ModelBuilderService
instanceKlass org/jetbrains/plugins/gradle/tooling/ModelBuilderContext
instanceKlass RegistryProcessor
instanceKlass org/gradle/internal/instantiation/Jsr330ConstructorSelector$CachedConstructor
instanceKlass org/gradle/internal/instantiation/InjectUtil
instanceKlass org/gradle/internal/instantiation/AsmBackedClassGenerator$NoOpBuilder
instanceKlass org/gradle/internal/instantiation/Jsr330ConstructorSelector$1
instanceKlass org/gradle/tooling/internal/provider/runner/PluginApplicationTracker$$Lambda$13
instanceKlass org/gradle/api/internal/plugins/DefaultPluginManager$OperationDetails
instanceKlass org/gradle/api/internal/plugins/DefaultPluginManager$AddPluginBuildOperation
instanceKlass org/gradle/api/internal/plugins/DefaultPluginManager$2
instanceKlass org/gradle/api/internal/plugins/DefaultPluginManager$1
instanceKlass org/gradle/api/internal/plugins/PluginInspector$PotentialImperativeClassPlugin
instanceKlass org/gradle/model/internal/inspect/ModelRuleSourceDetector$3
instanceKlass org/gradle/api/internal/plugins/DefaultPotentialPluginWithId
instanceKlass org/gradle/api/internal/plugins/DefaultObjectConfigurationAction$2
instanceKlass JetGradlePlugin
instanceKlass org/jetbrains/plugins/gradle/tooling/internal/ExtraModelBuilder
instanceKlass org/codehaus/groovy/classgen/FinalVariableAnalyzer$1
instanceKlass org/codehaus/groovy/ast/tools/PropertyNodeUtils
instanceKlass org/codehaus/groovy/classgen/asm/OptimizingStatementWriter$FastPathData
instanceKlass org/codehaus/groovy/classgen/asm/ClosureWriter$UseExistingReference
instanceKlass org/codehaus/groovy/transform/stc/StaticTypeCheckingSupport$3
instanceKlass org/codehaus/groovy/ast/tools/WideningCategories$LowestUpperBoundClassNode$1
instanceKlass org/codehaus/groovy/ast/tools/WideningCategories$2
instanceKlass org/codehaus/groovy/ast/tools/WideningCategories
instanceKlass org/codehaus/groovy/transform/stc/StaticTypeCheckingSupport$ExtensionMethodCache
instanceKlass org/codehaus/groovy/transform/stc/StaticTypeCheckingSupport
instanceKlass org/codehaus/groovy/ast/decompiled/TypeWrapper
instanceKlass java/lang/Override
instanceKlass groovy/grape/Grape
instanceKlass org/codehaus/groovy/ast/MethodCallTransformation
instanceKlass groovy/lang/GrabResolver
instanceKlass groovy/lang/Grapes
instanceKlass groovy/lang/GrabConfig
instanceKlass groovy/lang/GrabExclude
instanceKlass groovy/lang/Grab
instanceKlass org/gradle/launcher/daemon/server/DaemonRegistryUnavailableExpirationStrategy$1
instanceKlass org/gradle/cache/internal/SimpleStateCache$1
instanceKlass org/gradle/launcher/daemon/registry/PersistentDaemonRegistry$1
instanceKlass org/gradle/launcher/daemon/server/CompatibleDaemonExpirationStrategy$1
instanceKlass org/gradle/launcher/daemon/server/health/DaemonMemoryStatus$2
instanceKlass org/gradle/launcher/daemon/server/health/DaemonMemoryStatus$1
instanceKlass org/gradle/launcher/daemon/server/health/DaemonMemoryStatus$3
instanceKlass org/gradle/launcher/daemon/server/health/gc/GarbageCollectionStats
instanceKlass java/util/concurrent/LinkedBlockingDeque$AbstractItr
instanceKlass org/gradle/configuration/internal/DefaultListenerBuildOperationDecorator$BuildOperationEmittingAction
instanceKlass org/gradle/invocation/DefaultGradle$2
instanceKlass org/gradle/util/ConfigureUtil$WrappedConfigureAction
instanceKlass org/gradle/normalization/InputNormalizationHandler
instanceKlass org/gradle/api/component/SoftwareComponentContainer
instanceKlass org/gradle/model/internal/registry/ModelRegistry
instanceKlass org/gradle/internal/model/RuleBasedPluginListener
instanceKlass org/gradle/configuration/project/ProjectConfigurationActionContainer
instanceKlass org/gradle/api/internal/tasks/TaskContainerInternal
instanceKlass org/gradle/api/internal/PolymorphicDomainObjectContainerInternal
instanceKlass org/gradle/api/internal/project/ProjectStateInternal
instanceKlass org/gradle/api/ProjectState
instanceKlass org/gradle/vcs/SourceControl
instanceKlass org/gradle/plugin/management/PluginManagementSpec
instanceKlass org/gradle/api/initialization/ProjectDescriptor
instanceKlass org/gradle/configuration/DefaultScriptPluginFactory$ScriptPluginImpl$2
instanceKlass org/gradle/groovy/scripts/internal/BuildScriptData
instanceKlass org/gradle/model/dsl/internal/transform/ClosureBackedRuleFactory
instanceKlass org/gradle/model/dsl/internal/transform/SourceLocation
instanceKlass org/gradle/model/dsl/internal/transform/InputReferences
instanceKlass org/gradle/model/dsl/internal/transform/TransformedClosure
instanceKlass org/gradle/model/dsl/internal/inputs/PotentialInputs
instanceKlass org/gradle/model/dsl/internal/transform/RulesBlock
instanceKlass org/gradle/model/dsl/internal/transform/ClosureCreationInterceptingVerifier
instanceKlass org/gradle/internal/fingerprint/impl/DefaultCurrentFileCollectionFingerprint$1
instanceKlass org/gradle/internal/fingerprint/impl/IgnoredPathFileSystemLocationFingerprint$1
instanceKlass org/gradle/internal/fingerprint/impl/IgnoredPathFileSystemLocationFingerprint
instanceKlass sun/nio/cs/UTF_8$1
instanceKlass org/gradle/internal/fingerprint/impl/DefaultFileSystemLocationFingerprint$1
instanceKlass org/gradle/internal/fingerprint/impl/AbstractFileSystemLocationFingerprint
instanceKlass org/gradle/api/internal/changedetection/state/JarHasher$RelativePathFactory
instanceKlass java/nio/channels/Channels
instanceKlass sun/nio/fs/WindowsChannelFactory$Flags
instanceKlass sun/nio/fs/WindowsChannelFactory$1
instanceKlass sun/nio/fs/WindowsChannelFactory
instanceKlass sun/nio/fs/WindowsSecurityDescriptor
instanceKlass java/nio/file/Paths
instanceKlass org/gradle/internal/fingerprint/classpath/impl/ClasspathFingerprintingStrategy$ClasspathContentFingerprintingVisitor$1
instanceKlass org/gradle/internal/snapshot/RelativePathSegmentsTracker
instanceKlass org/gradle/internal/fingerprint/classpath/impl/ClasspathFingerprintingStrategy$ClasspathContentFingerprintingVisitor
instanceKlass org/gradle/internal/snapshot/RelativePathStringTracker
instanceKlass org/gradle/internal/fingerprint/classpath/impl/ClasspathFingerprintingStrategy$ClasspathFingerprintVisitor
instanceKlass org/gradle/internal/fingerprint/impl/DefaultCurrentFileCollectionFingerprint
instanceKlass org/gradle/internal/snapshot/AbstractFileSystemLocationSnapshot
instanceKlass org/gradle/internal/snapshot/impl/DefaultFileSystemSnapshotter$5
instanceKlass org/gradle/internal/MutableBoolean
instanceKlass org/gradle/internal/snapshot/impl/DefaultFileSystemSnapshotter$InternableString
instanceKlass org/gradle/internal/snapshot/impl/DefaultFileSystemSnapshotter$2
instanceKlass org/gradle/internal/snapshot/impl/DefaultFileSystemSnapshotter$FileCollectionLeafVisitorImpl
instanceKlass org/gradle/api/internal/initialization/ClassLoaderScopeIdentifier$Id
instanceKlass org/gradle/groovy/scripts/internal/BuildScriptTransformer$1
instanceKlass org/gradle/groovy/scripts/internal/BuildScriptTransformer
instanceKlass org/gradle/api/internal/artifacts/ivyservice/ResolvedFilesCollectingVisitor
instanceKlass org/gradle/composite/internal/CompositeProjectComponentArtifactMetadata
instanceKlass org/gradle/internal/component/local/model/LocalComponentArtifactMetadata
instanceKlass org/gradle/api/internal/artifacts/ResolveArtifactsBuildOperationType$1
instanceKlass org/gradle/api/internal/artifacts/ResolveArtifactsBuildOperationType$Result
instanceKlass org/gradle/api/internal/artifacts/ResolveArtifactsBuildOperationType
instanceKlass org/gradle/internal/operations/BuildOperationType
instanceKlass org/gradle/api/internal/artifacts/result/DefaultResolvedVariantResult
instanceKlass org/gradle/api/artifacts/result/ResolvedVariantResult
instanceKlass org/gradle/api/internal/artifacts/result/DefaultResolvedArtifactResult
instanceKlass org/gradle/api/artifacts/result/ResolvedArtifactResult
instanceKlass org/gradle/api/artifacts/result/ArtifactResult
instanceKlass org/gradle/internal/operations/DefaultBuildOperationQueue$WorkerRunnable
instanceKlass org/gradle/api/internal/artifacts/ivyservice/resolveengine/artifact/CompositeResolvedArtifactSet$CompositeResult
instanceKlass org/gradle/api/internal/artifacts/ivyservice/resolveengine/artifact/LocalFileDependencyBackedArtifactSet$SingletonFileResolvedVariant
instanceKlass org/gradle/api/internal/artifacts/ivyservice/resolveengine/artifact/ResolvedVariant
instanceKlass org/gradle/internal/component/local/model/OpaqueComponentArtifactIdentifier
instanceKlass org/gradle/api/internal/file/collections/ListBackedFileSet
instanceKlass org/gradle/api/tasks/TaskOutputs
instanceKlass org/gradle/api/internal/file/collections/DefaultFileCollectionResolveContext$FileTreeConverter
instanceKlass org/gradle/api/internal/file/collections/DefaultFileCollectionResolveContext$FileCollectionConverter
instanceKlass org/gradle/api/internal/file/collections/DefaultFileCollectionResolveContext$Converter
instanceKlass org/gradle/api/internal/file/collections/DefaultFileCollectionResolveContext
instanceKlass org/gradle/api/internal/file/collections/ResolvableFileCollectionResolveContext
instanceKlass org/gradle/api/internal/artifacts/ivyservice/resolveengine/artifact/ParallelResolveArtifactSet$VisitingSet$AsyncArtifactListenerAdapter
instanceKlass org/gradle/internal/operations/DefaultBuildOperationQueue
instanceKlass org/gradle/internal/operations/DefaultBuildOperationExecutor$ParentPreservingQueueWorker
instanceKlass org/gradle/api/internal/artifacts/ivyservice/resolveengine/artifact/ResolvedArtifactSet$AsyncArtifactListener
instanceKlass org/gradle/api/internal/artifacts/ivyservice/resolveengine/artifact/ParallelResolveArtifactSet$VisitingSet$StartVisitAction
instanceKlass org/gradle/api/internal/artifacts/ivyservice/resolveengine/artifact/ParallelResolveArtifactSet
instanceKlass org/gradle/api/internal/artifacts/ResolveArtifactsBuildOperationType$DetailsImpl
instanceKlass org/gradle/api/internal/artifacts/ResolveArtifactsBuildOperationType$Details
instanceKlass org/gradle/api/internal/artifacts/ivyservice/DefaultLenientConfiguration$2
instanceKlass org/gradle/api/internal/artifacts/ivyservice/DefaultLenientConfiguration$1
instanceKlass org/gradle/api/internal/artifacts/ivyservice/resolveengine/artifact/DefaultVisitedArtifactResults$DefaultSelectedArtifactResults
instanceKlass org/gradle/api/internal/artifacts/ivyservice/resolveengine/artifact/ResolvedArtifactSet$2
instanceKlass org/gradle/api/internal/artifacts/ivyservice/resolveengine/artifact/ResolvedArtifactSet$1
instanceKlass org/gradle/api/internal/artifacts/ivyservice/resolveengine/artifact/CompositeResolvedArtifactSet
instanceKlass org/gradle/api/internal/artifacts/ivyservice/resolveengine/artifact/ResolvedVariantSet
instanceKlass org/gradle/api/internal/artifacts/ivyservice/resolveengine/artifact/ResolvedArtifactSet$Completion
instanceKlass org/gradle/api/internal/artifacts/ivyservice/resolveengine/artifact/LocalFileDependencyBackedArtifactSet
instanceKlass org/gradle/api/internal/artifacts/transform/AttributeMatchingVariantSelector
instanceKlass org/gradle/api/internal/artifacts/ivyservice/ErrorHandlingConfigurationResolver$ErrorHandlingResolvedConfiguration
instanceKlass org/gradle/api/internal/artifacts/ivyservice/DefaultResolvedConfiguration
instanceKlass org/gradle/internal/graph/DirectedGraphWithEdgeValues
instanceKlass org/gradle/internal/graph/DirectedGraph
instanceKlass org/gradle/api/internal/artifacts/ivyservice/DefaultLenientConfiguration
instanceKlass org/gradle/api/artifacts/LenientConfiguration
instanceKlass org/gradle/api/internal/artifacts/ivyservice/resolveengine/oldresult/TransientConfigurationResultsLoader
instanceKlass org/gradle/api/internal/artifacts/configurations/ResolveConfigurationResolutionBuildOperationResult
instanceKlass org/gradle/api/internal/artifacts/configurations/ResolveConfigurationDependenciesBuildOperationType$Result
instanceKlass org/gradle/api/internal/artifacts/ivyservice/ErrorHandlingConfigurationResolver$ErrorHandlingResolutionResult
instanceKlass org/gradle/api/internal/artifacts/ivyservice/DefaultConfigurationResolver$ArtifactResolveState
instanceKlass org/gradle/api/internal/artifacts/configurations/DefaultConfiguration$8
instanceKlass org/gradle/api/internal/artifacts/configurations/DefaultConfiguration$$Lambda$12
instanceKlass java/lang/invoke/LambdaForm$MH
instanceKlass org/gradle/api/internal/artifacts/configurations/DefaultConfiguration$$Lambda$11
instanceKlass org/gradle/api/internal/artifacts/transform/ExecutionGraphDependenciesResolver
instanceKlass org/gradle/api/internal/artifacts/transform/DefaultExtraExecutionGraphDependenciesResolverFactory
instanceKlass org/gradle/api/internal/artifacts/ivyservice/resolveengine/artifact/SelectedArtifactSet
instanceKlass org/gradle/api/internal/artifacts/ivyservice/resolveengine/artifact/BuildDependenciesOnlyVisitedArtifactSet
instanceKlass org/gradle/api/internal/artifacts/result/DefaultResolutionResult
instanceKlass org/gradle/api/internal/artifacts/ivyservice/resolveengine/result/StreamingResolutionResultBuilder$RootFactory
instanceKlass org/gradle/api/internal/artifacts/ivyservice/resolveengine/oldresult/DefaultResolvedGraphResults
instanceKlass org/gradle/api/internal/artifacts/ivyservice/resolveengine/result/DefaultVisitedFileDependencyResults
instanceKlass org/gradle/api/internal/artifacts/ivyservice/resolveengine/artifact/SelectedArtifactResults
instanceKlass org/gradle/api/internal/artifacts/ivyservice/resolveengine/artifact/DefaultVisitedArtifactResults
instanceKlass org/gradle/api/internal/artifacts/ivyservice/resolveengine/store/DefaultBinaryStore$SimpleBinaryData
instanceKlass org/gradle/api/internal/artifacts/ivyservice/resolveengine/oldresult/TransientConfigurationResultsBuilder$2
instanceKlass org/gradle/api/internal/artifacts/ivyservice/resolveengine/result/StreamingResolutionResultBuilder$1
instanceKlass org/gradle/api/internal/artifacts/ivyservice/resolveengine/oldresult/TransientConfigurationResultsBuilder$5
instanceKlass org/gradle/api/internal/artifacts/ivyservice/resolveengine/artifact/ResolvedArtifactSet
instanceKlass org/gradle/api/internal/artifacts/ivyservice/resolveengine/artifact/FileDependencyArtifactSet
instanceKlass java/util/stream/Sink$ChainedReference
instanceKlass java/util/stream/ReduceOps$Box
instanceKlass java/util/stream/ReduceOps$AccumulatingSink
instanceKlass java/util/stream/TerminalSink
instanceKlass java/util/stream/Sink
instanceKlass java/util/stream/ReduceOps$ReduceOp
instanceKlass java/util/stream/TerminalOp
instanceKlass java/util/stream/ReduceOps
instanceKlass java/util/stream/Collectors$$Lambda$10
instanceKlass java/util/stream/Collectors$$Lambda$9
instanceKlass java/util/stream/Collectors$$Lambda$8
instanceKlass java/lang/invoke/LambdaForm$DMH
instanceKlass java/util/stream/Collectors$$Lambda$7
instanceKlass java/lang/invoke/LambdaForm$DMH
instanceKlass java/util/stream/Collectors$CollectorImpl
instanceKlass java/util/stream/Collectors
instanceKlass org/gradle/api/internal/artifacts/ivyservice/resolveengine/result/StreamingResolutionResultBuilder$$Lambda$6
instanceKlass java/lang/invoke/LambdaForm$DMH
instanceKlass org/gradle/api/internal/artifacts/ivyservice/resolveengine/graph/DependencyGraphEdge
instanceKlass java/util/stream/StreamOpFlag$MaskBuilder
instanceKlass java/util/stream/PipelineHelper
instanceKlass java/util/stream/StreamSupport
instanceKlass java/util/ArrayList$ArrayListSpliterator
instanceKlass org/gradle/api/internal/artifacts/ivyservice/resolveengine/oldresult/TransientConfigurationResultsBuilder$1
instanceKlass org/gradle/api/internal/artifacts/ivyservice/resolveengine/graph/builder/DefaultVariantDetails
instanceKlass org/gradle/api/internal/artifacts/ivyservice/resolveengine/graph/builder/AttributeDesugaring
instanceKlass org/gradle/api/internal/artifacts/ivyservice/resolveengine/result/ComponentSelectionReasons$DefaultComponentSelectionReason
instanceKlass org/gradle/internal/serialize/kryo/StringDeduplicatingKryoBackedEncoder$IndexedString
instanceKlass org/gradle/internal/serialize/kryo/StringDeduplicatingKryoBackedEncoder$IndexedStringSet$SingleEntryStringSet
instanceKlass org/gradle/internal/serialize/kryo/StringDeduplicatingKryoBackedEncoder$StringSetBucket
instanceKlass org/gradle/internal/serialize/kryo/StringDeduplicatingKryoBackedEncoder$IndexedStringSet
instanceKlass org/gradle/api/internal/artifacts/ivyservice/resolveengine/result/StreamingResolutionResultBuilder$2
instanceKlass org/gradle/api/internal/attributes/AttributeValue$1
instanceKlass org/gradle/api/internal/artifacts/ivyservice/resolveengine/graph/builder/DefaultPendingDependenciesVisitor
instanceKlass org/gradle/api/internal/artifacts/ivyservice/moduleconverter/dependencies/DefaultLocalConfigurationMetadataBuilder$DefaultLocalFileDependencyMetadata
instanceKlass org/gradle/api/internal/artifacts/ivyservice/resolveengine/graph/builder/DependencyGraphBuilder$1
instanceKlass org/gradle/api/internal/artifacts/ivyservice/resolveengine/graph/selectors/SelectorStateResolver
instanceKlass org/gradle/api/internal/artifacts/ivyservice/resolveengine/graph/builder/ReplaceSelectionWithConflictResultAction
instanceKlass org/gradle/internal/component/model/SelectedByVariantMatchingConfigurationMetadata
instanceKlass org/gradle/api/internal/artifacts/ivyservice/resolveengine/graph/builder/NodeState$1
instanceKlass org/gradle/api/internal/artifacts/ResolvedConfigurationIdentifier
instanceKlass org/gradle/internal/component/external/model/ImmutableCapability
instanceKlass org/gradle/api/internal/artifacts/ivyservice/resolveengine/graph/ResolvedVariantDetails
instanceKlass org/gradle/api/internal/artifacts/ivyservice/resolveengine/graph/builder/ComponentState
instanceKlass org/gradle/api/internal/artifacts/ivyservice/resolveengine/graph/DependencyGraphComponent
instanceKlass org/gradle/api/internal/artifacts/ivyservice/resolveengine/graph/builder/PendingDependencies
instanceKlass org/gradle/api/internal/artifacts/ivyservice/resolveengine/graph/builder/ModuleResolveState
instanceKlass org/gradle/api/internal/artifacts/ivyservice/resolveengine/graph/conflicts/CandidateModule
instanceKlass org/gradle/api/internal/artifacts/ivyservice/resolveengine/graph/builder/ResolveOptimizations
instanceKlass org/gradle/api/internal/artifacts/ivyservice/resolveengine/graph/builder/DeselectVersionAction
instanceKlass org/gradle/api/internal/artifacts/ivyservice/resolveengine/graph/builder/PendingDependenciesVisitor
instanceKlass org/gradle/api/internal/artifacts/ivyservice/resolveengine/ComponentResolutionState
instanceKlass org/gradle/api/internal/artifacts/ivyservice/ivyresolve/StringVersioned
instanceKlass org/gradle/api/internal/artifacts/ivyservice/resolveengine/graph/builder/ResolveState
instanceKlass org/gradle/api/internal/artifacts/ivyservice/resolveengine/graph/selectors/ComponentStateFactory
instanceKlass org/gradle/api/internal/WithEstimatedSize$Estimates
instanceKlass org/gradle/internal/component/model/DefaultVariantMetadata
instanceKlass org/gradle/internal/component/model/VariantResolveMetadata
instanceKlass org/gradle/api/internal/artifacts/configurations/LeafOutgoingVariant
instanceKlass org/gradle/api/internal/artifacts/configurations/DefaultConfigurationPublications$1
instanceKlass org/gradle/internal/component/external/model/ImmutableCapabilities
instanceKlass org/gradle/api/capabilities/CapabilitiesMetadata
instanceKlass org/gradle/api/internal/artifacts/configurations/Configurations
instanceKlass org/gradle/api/internal/collections/FilteredCollection$FilteringIterator
instanceKlass org/gradle/api/internal/DefaultNamedDomainObjectCollection$FilteredIndex
instanceKlass org/gradle/api/internal/collections/DefaultCollectionEventRegister$FilteredEventRegister
instanceKlass org/gradle/api/internal/collections/FilteredCollection
instanceKlass com/google/common/reflect/Reflection
instanceKlass com/google/common/reflect/Types$TypeVariableInvocationHandler
instanceKlass com/google/common/reflect/Types$TypeVariableImpl
instanceKlass com/google/common/reflect/Types$NativeTypeVariableEquals
instanceKlass org/gradle/internal/component/local/model/RootConfigurationMetadata
instanceKlass org/gradle/internal/component/local/model/DefaultLocalComponentMetadata$DefaultLocalConfigurationMetadata
instanceKlass org/gradle/internal/component/local/model/LocalConfigurationMetadata
instanceKlass org/gradle/internal/component/local/model/BuildableLocalConfigurationMetadata
instanceKlass org/gradle/api/internal/artifacts/DefaultModuleVersionIdentifier
instanceKlass org/gradle/api/artifacts/ModuleVersionIdentifier
instanceKlass org/gradle/internal/component/external/model/DefaultModuleComponentIdentifier
instanceKlass org/gradle/api/internal/artifacts/DefaultModule
instanceKlass org/gradle/internal/resolve/result/DefaultResourceAwareResolveResult
instanceKlass org/gradle/api/internal/artifacts/ivyservice/resolveengine/artifact/ResolvedArtifactsGraphVisitor
instanceKlass org/gradle/api/internal/artifacts/ivyservice/resolveengine/graph/RootGraphNode
instanceKlass org/gradle/api/internal/artifacts/ivyservice/resolveengine/graph/builder/NodeState
instanceKlass org/gradle/internal/resolve/result/BuildableComponentResolveResult
instanceKlass org/gradle/internal/resolve/result/ResourceAwareResolveResult
instanceKlass org/gradle/internal/resolve/result/ComponentResolveResult
instanceKlass org/gradle/internal/resolve/result/ResolveResult
instanceKlass org/gradle/api/internal/artifacts/ivyservice/resolveengine/graph/builder/DependencyGraphBuilder
instanceKlass org/gradle/api/internal/artifacts/DependencySubstitutionInternal
instanceKlass org/gradle/api/internal/artifacts/ivyservice/dependencysubstitution/DependencySubstitutionApplicator$1
instanceKlass org/gradle/api/internal/artifacts/DefaultGlobalDependencyResolutionRules$CompositeDependencySubstitutionRules$1
instanceKlass com/google/common/base/Optional
instanceKlass org/gradle/internal/typeconversion/FlatteningNotationParser
instanceKlass org/gradle/api/internal/artifacts/dsl/ModuleVersionSelectorParsers$StringConverter
instanceKlass org/gradle/api/internal/artifacts/dsl/ModuleVersionSelectorParsers
instanceKlass org/gradle/api/internal/artifacts/ivyservice/resolveengine/graph/conflicts/RejectRemainingCandidates
instanceKlass org/gradle/api/internal/artifacts/ivyservice/resolveengine/graph/conflicts/LastCandidateCapabilityResolver
instanceKlass org/gradle/api/internal/artifacts/ivyservice/resolveengine/graph/conflicts/UpgradeCapabilityResolver
instanceKlass org/gradle/api/internal/artifacts/ivyservice/resolveengine/graph/conflicts/PotentialConflict
instanceKlass org/gradle/api/internal/artifacts/ivyservice/resolveengine/graph/conflicts/CapabilitiesConflictHandler$ResolutionDetails
instanceKlass org/gradle/api/internal/artifacts/ivyservice/resolveengine/graph/conflicts/CapabilitiesConflictHandler$Candidate
instanceKlass org/gradle/api/internal/artifacts/ivyservice/resolveengine/graph/conflicts/DefaultCapabilitiesConflictHandler
instanceKlass org/gradle/api/internal/artifacts/ivyservice/resolveengine/graph/conflicts/ConflictContainer
instanceKlass org/gradle/api/internal/artifacts/ivyservice/resolveengine/graph/conflicts/CompositeConflictResolver
instanceKlass org/gradle/api/internal/artifacts/ivyservice/resolveengine/graph/conflicts/ConflictResolutionResult
instanceKlass org/gradle/api/internal/artifacts/ivyservice/resolveengine/ConflictResolverDetails
instanceKlass org/gradle/api/internal/artifacts/ivyservice/resolveengine/graph/conflicts/DefaultConflictHandler
instanceKlass org/gradle/api/internal/artifacts/ivyservice/resolveengine/LatestModuleConflictResolver
instanceKlass org/gradle/api/internal/artifacts/ivyservice/resolveengine/ModuleConflictResolver
instanceKlass org/gradle/api/internal/artifacts/ivyservice/resolveengine/ConflictResolverFactory
instanceKlass org/gradle/api/internal/artifacts/ivyservice/resolveengine/DefaultArtifactDependencyResolver$DefaultResolveContextToComponentResolver
instanceKlass org/gradle/api/internal/artifacts/ivyservice/clientmodule/ClientModuleResolver
instanceKlass org/gradle/internal/resolve/resolver/DefaultArtifactSelector
instanceKlass org/gradle/api/internal/artifacts/ivyservice/resolveengine/ComponentResolversChain$ArtifactResolverChain
instanceKlass org/gradle/api/internal/artifacts/ivyservice/resolveengine/ComponentResolversChain$ComponentMetaDataResolverChain
instanceKlass org/gradle/api/internal/artifacts/ivyservice/resolveengine/ComponentResolversChain$DependencyToComponentIdResolverChain
instanceKlass org/gradle/api/internal/artifacts/ivyservice/resolveengine/VirtualComponentMetadataResolver
instanceKlass org/gradle/api/internal/artifacts/ivyservice/resolveengine/ComponentResolversChain
instanceKlass org/gradle/api/internal/artifacts/ivyservice/ivyresolve/NoRepositoriesResolver
instanceKlass org/gradle/jvm/internal/resolve/JvmLibraryResolveContext
instanceKlass org/gradle/api/internal/artifacts/ivyservice/resolveengine/graph/CompositeDependencyArtifactsVisitor
instanceKlass org/gradle/api/internal/artifacts/ivyservice/resolveengine/artifact/ValidatingArtifactsVisitor
instanceKlass org/gradle/api/internal/artifacts/ivyservice/resolveengine/graph/CompositeDependencyGraphVisitor
instanceKlass org/gradle/api/internal/artifacts/ivyservice/resolveengine/oldresult/ResolutionFailureCollector
instanceKlass org/gradle/api/internal/artifacts/ivyservice/resolveengine/artifact/VisitedFileDependencyResults
instanceKlass org/gradle/api/internal/artifacts/ivyservice/resolveengine/result/FileDependencyCollectingGraphVisitor
instanceKlass org/gradle/api/internal/artifacts/ivyservice/resolveengine/artifact/ArtifactSet
instanceKlass org/gradle/api/internal/artifacts/ivyservice/resolveengine/artifact/VisitedArtifactsResults
instanceKlass org/gradle/api/internal/artifacts/ivyservice/resolveengine/artifact/DefaultResolvedArtifactsBuilder
instanceKlass org/gradle/api/internal/artifacts/ivyservice/resolveengine/result/DefaultComponentSelectionDescriptor
instanceKlass org/gradle/api/internal/artifacts/ivyservice/resolveengine/result/ComponentSelectionReasonInternal
instanceKlass org/gradle/api/artifacts/result/ComponentSelectionReason
instanceKlass org/gradle/api/internal/artifacts/ivyservice/resolveengine/result/ComponentSelectionDescriptorInternal
instanceKlass org/gradle/api/internal/artifacts/ivyservice/resolveengine/result/ComponentSelectionReasons
instanceKlass org/gradle/api/internal/artifacts/ivyservice/dependencysubstitution/DefaultDependencySubstitutions$ProjectPathConverter
instanceKlass org/gradle/api/artifacts/result/ComponentSelectionDescriptor
instanceKlass org/gradle/api/artifacts/DependencySubstitutions$Substitution
instanceKlass org/gradle/api/internal/artifacts/ivyservice/dependencysubstitution/DefaultDependencySubstitutions
instanceKlass org/gradle/api/internal/artifacts/ivyservice/resolutionstrategy/DefaultCachePolicy$10
instanceKlass org/gradle/api/internal/artifacts/ivyservice/resolutionstrategy/DefaultCachePolicy$9
instanceKlass org/gradle/api/internal/artifacts/ivyservice/resolutionstrategy/DefaultCachePolicy$8
instanceKlass org/gradle/api/internal/artifacts/ivyservice/resolutionstrategy/DefaultCachePolicy$7
instanceKlass org/gradle/api/internal/artifacts/configurations/MutationValidator$1
instanceKlass org/gradle/api/internal/artifacts/ivyservice/resolutionstrategy/DefaultComponentSelectionRules
instanceKlass org/gradle/api/artifacts/DependencySubstitution
instanceKlass org/gradle/api/internal/artifacts/ivyservice/resolutionstrategy/DefaultCachePolicy
instanceKlass org/gradle/api/internal/artifacts/configurations/dynamicversion/CachePolicy
instanceKlass org/gradle/api/internal/artifacts/ComponentSelectionRulesInternal
instanceKlass org/gradle/api/artifacts/ComponentSelectionRules
instanceKlass org/gradle/api/internal/artifacts/ivyservice/resolutionstrategy/DefaultResolutionStrategy
instanceKlass org/gradle/api/internal/artifacts/ivyservice/resolveengine/projectresult/ResolvedLocalComponentsResultGraphVisitor
instanceKlass org/gradle/api/internal/artifacts/ImmutableVersionConstraint
instanceKlass org/gradle/api/internal/artifacts/ivyservice/resolveengine/graph/ResolvedGraphComponent
instanceKlass org/gradle/api/internal/artifacts/ivyservice/resolveengine/result/ComponentResultSerializer
instanceKlass org/gradle/api/internal/artifacts/ivyservice/resolveengine/result/ComponentSelectionReasonSerializer
instanceKlass org/gradle/api/internal/artifacts/ivyservice/resolveengine/graph/ResolvedGraphDependency
instanceKlass org/gradle/api/internal/artifacts/ivyservice/resolveengine/result/DependencyResultSerializer
instanceKlass org/gradle/api/internal/artifacts/ivyservice/resolveengine/result/StreamingResolutionResultBuilder
instanceKlass org/gradle/api/internal/artifacts/ivyservice/resolveengine/graph/DependencyGraphNode
instanceKlass org/gradle/api/internal/artifacts/ivyservice/resolveengine/oldresult/ResolvedConfigurationDependencyGraphVisitor
instanceKlass org/gradle/api/internal/artifacts/ivyservice/resolveengine/oldresult/ResolvedGraphResults
instanceKlass org/gradle/api/internal/artifacts/ivyservice/resolveengine/oldresult/DefaultResolvedConfigurationBuilder
instanceKlass org/gradle/api/internal/artifacts/ResolvedConfigurationIdentifierSerializer
instanceKlass org/gradle/api/artifacts/ResolvedDependency
instanceKlass org/gradle/api/internal/artifacts/ivyservice/resolveengine/oldresult/TransientConfigurationResults
instanceKlass org/gradle/cache/internal/BinaryStore$WriteAction
instanceKlass org/gradle/api/internal/artifacts/ivyservice/resolveengine/oldresult/TransientConfigurationResultsBuilder
instanceKlass org/gradle/api/internal/artifacts/ivyservice/resolveengine/store/CachedStoreFactory$SimpleStore
instanceKlass org/gradle/api/internal/artifacts/ivyservice/resolveengine/store/CachedStoreFactory$Stats
